GET /usuarios 200 82 - 449.169 ms
POST /usuarios 404 92 - 49.330 ms
POST /usuarios 200 273 - 285.205 ms
POST /ropa 404 91 - 2.541 ms
POST /ropa 200 247 - 452.377 ms
GET /auth/login 404 62 - 3.063 ms
GET /auth/login 404 62 - 3.779 ms
POST /auth/login 200 69 - 3.175 ms
POST /auth/login 200 69 - 1.027 ms
GET /usuarios 200 304 - 399.590 ms
POST /auth/login 200 69 - 0.990 ms
POST /auth/login 500 83 - 215.988 ms
POST /auth/login 500 83 - 190.567 ms
POST /auth/login 400 87 - 425.206 ms
POST /auth/login 400 87 - 194.736 ms
POST /auth/login 400 87 - 190.234 ms
POST /auth/login 400 87 - 193.900 ms
POST /usuarios 200 337 - 345.791 ms
POST /auth/login 400 87 - 193.005 ms
POST /auth/login 500 74 - 197.143 ms
POST /auth/login 500 74 - 208.433 ms
POST /auth/login 500 74 - 193.024 ms
POST /auth/login 200 546 - 324.415 ms
POST /usuarios 200 337 - 355.914 ms
POST /auth/login 200 546 - 288.585 ms
POST /auth/login 200 454 - 327.673 ms
POST /auth/login 200 454 - 328.905 ms
POST /auth/login 200 454 - 336.781 ms
POST /usuarios 200 261 - 362.748 ms
POST /auth/login 200 470 - 298.012 ms
POST /ropa 403 78 - 3.309 ms
POST /auth/login 200 470 - 317.224 ms
POST /ropa 403 78 - 0.468 ms
POST /ropa 200 247 - 224.093 ms
POST /auth/registro 404 62 - 2.621 ms
POST /auth/registro 200 262 - 358.223 ms
POST /auth/login 200 470 - 322.439 ms
POST /ropa 200 246 - 410.374 ms
POST /usuarios 401 96 - 3.159 ms
GET /usuarios 404 168 - 9.730 ms
PUT /usuarios/6108345e3feb8e4928646dbc 404 88 - 186.401 ms
POST /auth/login 200 470 - 298.755 ms
GET /usuarios 200 504 - 526.488 ms
POST /usuarios 401 96 - 0.263 ms
GET /usuarios 200 504 - 522.438 ms
GET /usuarios' 404 62 - 0.751 ms
GET /favicon.ico 404 62 - 0.337 ms
GET /usuarios' 404 62 - 0.326 ms
GET /usuarios 401 96 - 0.675 ms
GET /usuarios 200 504 - 754.602 ms
GET /usuarios 401 96 - 0.291 ms
GET /usuarios 401 96 - 0.363 ms
POST /ropa 200 246 - 383.244 ms
GET /ropa 200 867 - 531.745 ms
GET /ropa 401 96 - 0.283 ms
GET /ropa 401 96 - 0.254 ms
GET /ropa 200 867 - 536.448 ms
GET /ropa 401 96 - 0.224 ms
GET /ropa 200 867 - 541.534 ms
GET /ropa 401 96 - 0.273 ms
GET /ropa 401 96 - 0.295 ms
GET /ropa 401 96 - 0.327 ms
GET /ropa 401 96 - 0.272 ms
GET /ropa 401 96 - 2.826 ms
GET /ropa 200 867 - 548.905 ms
GET /ropa 200 867 - 963.446 ms
POST /ropa 401 96 - 0.350 ms
POST /ropa 200 247 - 416.196 ms
GET /ropa 200 1064 - 533.154 ms
GET /ropa 401 96 - 0.297 ms
GET /ropa 401 96 - 0.303 ms
GET /ropa 401 96 - 0.448 ms
GET /ropa 401 96 - 0.293 ms
GET /ropa 401 96 - 0.329 ms
GET /ropa 401 96 - 0.274 ms
GET /ropa 401 96 - 0.357 ms
GET /ropa 401 96 - 0.406 ms
GET /ropa 401 96 - 0.312 ms
GET /ropa 401 96 - 0.272 ms
GET /ropa 401 96 - 0.290 ms
GET /ropa 401 96 - 0.634 ms
GET /ropa 401 96 - 2.803 ms
GET /ropa 401 96 - 2.622 ms
GET /ropa 200 1064 - 369.263 ms
GET /ropa 200 1064 - 357.878 ms
GET /ropa 200 1064 - 669.314 ms
GET /ropa 401 96 - 4.926 ms
GET /ropa 401 96 - 4.173 ms
GET /ropa 401 96 - 0.499 ms
GET /ropa 401 96 - 3.520 ms
GET /favicon.ico 404 62 - 0.577 ms
GET /ropa 200 1064 - 548.322 ms
GET /ropa 401 96 - 3.352 ms
GET /ropa 401 96 - 2.904 ms
GET / 404 62 - 2.815 ms
GET /favicon.ico 404 62 - 0.468 ms
GET /ropa 401 96 - 0.476 ms
GET / 404 62 - 0.280 ms
GET / 404 62 - 0.291 ms
GET /ropa 401 96 - 0.292 ms
GET /ropa 401 96 - 3.944 ms
GET /ropa 401 96 - 0.456 ms
GET /ropa 200 1064 - 392.407 ms
GET /ropa 200 1064 - 978.573 ms
GET /ropa 200 1064 - 359.201 ms
GET /ropa 304 - - 432.145 ms
GET /ropa 304 - - 354.926 ms
GET /favicon.ico 404 62 - 0.502 ms
GET /ropa 304 - - 362.275 ms
GET /ropa 304 - - 359.627 ms
GET /ropa 304 - - 355.071 ms
GET /ropa 304 - - 366.495 ms
GET /ropa 304 - - 427.239 ms
GET /ropa 304 - - 354.101 ms
GET /ropa 304 - - 351.770 ms
GET /ropa 304 - - 352.827 ms
GET /ropa 304 - - 356.201 ms
GET /ropa 304 - - 441.296 ms
GET /ropa 304 - - 583.262 ms
GET /ropa 304 - - 486.469 ms
GET /ropa 304 - - 358.594 ms
GET /ropa 304 - - 373.065 ms
GET /ropa 304 - - 354.495 ms
GET /ropa 304 - - 389.526 ms
GET /ropa 304 - - 352.976 ms
GET /ropa 304 - - 421.835 ms
GET /ropa 304 - - 352.487 ms
GET /ropa 304 - - 379.081 ms
GET /ropa 304 - - 413.796 ms
GET /ropa 304 - - 352.949 ms
GET /ropa 304 - - 366.226 ms
GET /ropa 304 - - 371.036 ms
GET /ropa 304 - - 354.156 ms
GET /ropa 304 - - 354.099 ms
GET /ropa 304 - - 353.296 ms
GET /ropa 200 1221 - 375.152 ms
GET /ropa 200 1221 - 356.480 ms
GET /ropa 304 - - 354.497 ms
GET /ropa 304 - - 359.418 ms
GET /ropa 304 - - 359.468 ms
GET /ropa 304 - - 482.177 ms
GET /ropa 304 - - 355.970 ms
GET /ropa 200 1849 - 355.160 ms
GET /ropa 304 - - 398.078 ms
POST /ropa 404 94 - 229.276 ms
POST /ropa 200 404 - 399.555 ms
GET /ropa 401 96 - 0.558 ms
GET /ropa 401 96 - 0.385 ms
GET /ropa 401 96 - 3.194 ms
GET /ropa 401 96 - 0.423 ms
GET /ropa 401 96 - 0.308 ms
GET /ropa 401 96 - 0.358 ms
GET /ropa 401 96 - 0.282 ms
GET /ropa 200 2203 - 570.763 ms
GET /ropa 200 2203 - 541.745 ms
GET /ropa 304 - - 554.836 ms
GET /ropa 304 - - 535.369 ms
GET /ropa 304 - - 663.352 ms
GET /ropa - - - - ms
GET /ropa 200 2203 - 3304.259 ms
PUT /usuarios/6108345e3feb8e4928646dbc 404 88 - 177.553 ms
PUT /usuarios/612905ed379a443a889fea16 404 88 - 177.909 ms
GET /usuarios/612905ed379a443a889fea16 404 88 - 174.667 ms
GET /usuarios/612905ed379a443a889fea16 401 96 - 0.286 ms
GET /usuarios/612905ed379a443a889fea16 404 88 - 176.116 ms
GET /usuario/612905ed379a443a889fea16 404 62 - 0.407 ms
GET /usuarios/612905ed379a443a889fea16 404 88 - 176.421 ms
GET /usuarios/612905ed379a443a889fea16 404 88 - 176.023 ms
GET /usuarios 401 96 - 0.252 ms
GET /usuarios 200 504 - 530.166 ms
GET /usuarios/61084edd1fd7df450c9074c1 200 265 - 357.415 ms
GET /usuarios/61084edd1fd7df450c9074c1 404 88 - 178.530 ms
GET /usuarios/61084edd1fd7df450c9074c1 401 96 - 0.238 ms
GET /usuarios/61084edd1fd7df450c9074c1 404 88 - 175.925 ms
GET /usuarios/61084edd1fd7df450c9074c1 404 88 - 180.570 ms
GET /usuarios/_61084edd1fd7df450c9074c1 404 88 - 182.631 ms
GET /usuarios/:_61084edd1fd7df450c9074c1 404 88 - 173.613 ms
GET /usuarios/61084edd1fd7df450c9074c1 404 88 - 179.515 ms
POST /login 404 62 - 0.298 ms
POST /usuarios 401 96 - 0.275 ms
POST /usuarios 404 62 - 195.634 ms
POST /usuario 404 62 - 0.227 ms
POST /usuario 404 62 - 0.228 ms
POST /usuarios 404 62 - 177.142 ms
GET /usuarios 200 504 - 526.911 ms
GET /ropa 304 - - 527.126 ms
GET /ropa 304 - - 529.666 ms
GET /ropa 304 - - 535.117 ms
GET /ropa 304 - - 530.139 ms
GET /ropa 304 - - 527.822 ms
GET /usuarios 200 504 - 530.549 ms
GET /ropa 304 - - 528.871 ms
GET /ropa 304 - - 551.317 ms
GET /ropa 304 - - 528.344 ms
GET /usuarios 304 - - 521.421 ms
GET /ropa 304 - - 536.641 ms
GET /usuarios 304 - - 530.329 ms
GET /usuarios 304 - - 526.071 ms
GET /ropa 304 - - 529.157 ms
GET /usuarios 304 - - 528.791 ms
GET /usuarios 304 - - 527.640 ms
GET /ropa 304 - - 546.330 ms
GET /usuarios 304 - - 546.133 ms
GET /usuarios 304 - - 540.507 ms
GET /usuarios 304 - - 529.604 ms
GET /usuarios 304 - - 574.463 ms
GET /ropa 304 - - 616.073 ms
GET /usuarios 304 - - 566.936 ms
GET /usuarios 304 - - 530.992 ms
GET /ropa 304 - - 537.455 ms
GET /usuarios 304 - - 543.182 ms
GET /usuarios 304 - - 561.238 ms
GET /usuarios 304 - - 523.422 ms
GET /usuarios 304 - - 529.355 ms
GET /ropa 304 - - 534.988 ms
GET /usuarios 304 - - 527.206 ms
GET /usuarios 304 - - 529.619 ms
GET /usuarios 304 - - 564.721 ms
GET /usuarios 304 - - 525.069 ms
GET /ropa 304 - - 536.682 ms
GET /usuarios 304 - - 555.234 ms
GET /usuarios 304 - - 546.402 ms
GET /usuarios 304 - - 541.337 ms
GET /usuarios 304 - - 527.298 ms
GET /ropa 304 - - 523.458 ms
GET /usuarios 304 - - 533.204 ms
GET /usuarios 304 - - 568.771 ms
GET /usuarios 304 - - 525.991 ms
GET /usuarios 304 - - 527.281 ms
GET /ropa 304 - - 533.826 ms
GET /usuarios 304 - - 522.717 ms
GET /usuarios 304 - - 595.713 ms
GET /usuarios 304 - - 531.700 ms
GET /usuarios 304 - - 527.134 ms
GET /ropa 304 - - 525.348 ms
GET /usuarios 304 - - 534.825 ms
GET /usuarios 304 - - 554.860 ms
GET /ropa 304 - - 529.221 ms
GET /usuarios 304 - - 528.889 ms
GET /usuarios 304 - - 531.625 ms
GET /usuarios 304 - - 522.194 ms
GET /usuarios 304 - - 542.667 ms
GET /ropa 304 - - 526.054 ms
GET /usuarios 304 - - 527.354 ms
GET /usuarios 304 - - 538.894 ms
GET /usuarios 304 - - 531.125 ms
GET /usuarios 304 - - 529.619 ms
GET /ropa 304 - - 530.792 ms
GET /usuarios 304 - - 523.760 ms
GET /usuarios 304 - - 539.523 ms
GET /usuarios 304 - - 522.451 ms
GET /usuarios 304 - - 528.945 ms
GET /ropa 304 - - 528.134 ms
GET /usuarios 304 - - 524.866 ms
GET /usuarios 304 - - 581.121 ms
GET /usuarios 304 - - 531.287 ms
GET /usuarios 304 - - 533.798 ms
GET /ropa 304 - - 533.933 ms
GET /usuarios 304 - - 523.841 ms
GET /ropa 304 - - 529.221 ms
GET /usuarios 304 - - 534.725 ms
GET /usuarios 304 - - 532.743 ms
GET /usuarios 304 - - 529.199 ms
GET /ropa 304 - - 534.510 ms
GET /usuarios 304 - - 527.386 ms
GET /ropa 304 - - 532.891 ms
GET /usuarios 304 - - 532.715 ms
GET /ropa 304 - - 531.455 ms
GET /usuarios 304 - - 536.504 ms
GET /usuarios 304 - - 541.371 ms
GET /ropa 304 - - 541.668 ms
GET /usuarios 304 - - 524.112 ms
GET /usuarios 304 - - 531.157 ms
GET /usuarios 304 - - 539.645 ms
GET /ropa 304 - - 540.472 ms
GET /usuarios 304 - - 528.531 ms
GET /usuarios 304 - - 521.798 ms
GET /ropa 304 - - 531.339 ms
GET /usuarios 304 - - 646.510 ms
GET /ropa 304 - - 528.245 ms
GET /usuarios 304 - - 527.188 ms
GET /usuarios 304 - - 534.263 ms
GET /usuarios 304 - - 536.346 ms
GET /usuarios 304 - - 536.521 ms
GET /usuarios 304 - - 530.240 ms
GET /usuarios 304 - - 520.900 ms
GET /usuarios 304 - - 532.711 ms
GET /usuarios 304 - - 531.219 ms
GET /usuarios 304 - - 529.211 ms
GET /usuarios 304 - - 521.091 ms
GET /ropa 304 - - 531.868 ms
GET /usuarios 304 - - 529.796 ms
GET /usuarios 304 - - 530.934 ms
GET /ropa 304 - - 536.190 ms
GET /usuarios 304 - - 534.087 ms
GET /usuarios 304 - - 530.684 ms
GET /ropa 304 - - 539.499 ms
GET /ropa 304 - - 528.276 ms
GET /usuarios 304 - - 529.629 ms
GET /ropa 304 - - 522.401 ms
GET /usuarios 304 - - 529.174 ms
GET /ropa 304 - - 520.644 ms
GET /usuarios 304 - - 529.145 ms
GET /ropa 304 - - 525.214 ms
GET /usuarios 304 - - 536.790 ms
GET /ropa 304 - - 525.007 ms
GET /usuarios 304 - - 531.767 ms
GET /ropa 304 - - 535.388 ms
GET /usuarios 304 - - 535.159 ms
GET /ropa 304 - - 523.648 ms
GET /usuarios 304 - - 535.427 ms
GET /ropa 304 - - 522.823 ms
GET /usuarios 304 - - 531.742 ms
GET /ropa 304 - - 528.449 ms
GET /usuarios 304 - - 526.035 ms
GET /ropa 304 - - 527.969 ms
GET /usuarios 304 - - 525.880 ms
GET /ropa 304 - - 522.847 ms
GET /usuarios 304 - - 529.908 ms
GET /ropa 304 - - 520.899 ms
GET /usuarios 304 - - 533.667 ms
GET /ropa 304 - - 533.899 ms
GET /usuarios 304 - - 534.660 ms
GET /ropa 304 - - 523.800 ms
GET /usuarios 304 - - 532.464 ms
GET /ropa 304 - - 524.509 ms
GET /usuarios 304 - - 531.510 ms
GET /ropa 304 - - 523.654 ms
GET /usuarios 304 - - 535.023 ms
GET /usuarios 304 - - 524.078 ms
GET /ropa 304 - - 536.520 ms
GET /ropa 304 - - 526.067 ms
GET /usuarios 304 - - 537.101 ms
GET /ropa 304 - - 537.208 ms
GET /usuarios 304 - - 537.000 ms
GET /ropa 304 - - 528.941 ms
GET /usuarios 304 - - 559.973 ms
GET /ropa 304 - - 525.499 ms
GET /usuarios 304 - - 531.431 ms
GET /usuarios 304 - - 519.084 ms
GET /ropa 304 - - 529.304 ms
GET /ropa 304 - - 524.011 ms
GET /usuarios 304 - - 528.499 ms
GET /ropa 304 - - 525.961 ms
GET /usuarios 304 - - 541.021 ms
GET /ropa 304 - - 557.373 ms
GET /usuarios 304 - - 579.979 ms
GET /ropa 304 - - 537.210 ms
GET /usuarios 304 - - 539.504 ms
GET /ropa 304 - - 523.585 ms
GET /usuarios 304 - - 527.671 ms
GET /ropa 304 - - 550.443 ms
GET /usuarios 304 - - 555.926 ms
GET /ropa 304 - - 519.203 ms
GET /usuarios 304 - - 532.539 ms
GET /ropa 304 - - 522.234 ms
GET /usuarios 304 - - 538.432 ms
GET /usuarios 304 - - 705.819 ms
GET /ropa 304 - - 717.166 ms
GET /usuarios 304 - - 537.403 ms
GET /ropa 304 - - 546.502 ms
GET /ropa 304 - - 522.776 ms
GET /usuarios 304 - - 541.985 ms
POST /auth/login 500 73 - 439.169 ms
POST /auth/login 500 73 - 388.026 ms
GET /usuarios/61084edd1fd7df450c9074c1 200 265 - 374.912 ms
POST /auth/login 500 73 - 264.409 ms
POST /auth/registro 500 173 - 304.503 ms
POST /auth/registro 200 263 - 360.394 ms
POST /auth/login 500 73 - 269.021 ms
POST /auth/login 200 472 - 321.950 ms
GET /usuarios 200 717 - 575.470 ms
GET /ropa 304 - - 926.173 ms
GET /usuarios 200 717 - 1095.162 ms
GET /ropa 304 - - 548.643 ms
GET /usuarios 304 - - 548.454 ms
GET /ropa 304 - - 533.124 ms
GET /usuarios 304 - - 534.688 ms
GET /usuarios 304 - - 1118.993 ms
GET /ropa 304 - - 1123.915 ms
GET /ropa 304 - - 531.202 ms
GET /usuarios 304 - - 534.043 ms
GET /usuarios 304 - - 642.784 ms
GET /ropa 304 - - 655.242 ms
GET /usuarios 304 - - 829.789 ms
GET /ropa 304 - - 827.976 ms
GET /ropa 304 - - 525.988 ms
GET /usuarios 304 - - 535.983 ms
GET /usuarios 304 - - 545.236 ms
GET /ropa 304 - - 551.145 ms
GET /usuarios 304 - - 623.725 ms
GET /ropa 304 - - 633.072 ms
GET /ropa 304 - - 667.312 ms
GET /usuarios 304 - - 697.549 ms
GET /ropa 304 - - 531.303 ms
GET /usuarios 304 - - 533.686 ms
GET /ropa 304 - - 1877.891 ms
GET /usuarios 304 - - 1875.611 ms
GET /ropa 304 - - 531.475 ms
GET /usuarios 304 - - 538.417 ms
GET /ropa 304 - - 530.994 ms
GET /usuarios 304 - - 531.850 ms
GET /ropa 304 - - 529.117 ms
GET /usuarios 304 - - 529.639 ms
GET /ropa 304 - - 552.668 ms
GET /ropa 304 - - 583.053 ms
GET /ropa 304 - - 523.905 ms
GET /ropa 304 - - 572.670 ms
GET /ropa 304 - - 522.084 ms
GET /ropa 304 - - 570.965 ms
GET /ropa 304 - - 757.034 ms
GET /usuarios 304 - - 785.231 ms
GET /ropa 304 - - 719.577 ms
GET /ropa 304 - - 831.186 ms
GET /ropa 304 - - 870.558 ms
GET /ropa 304 - - 662.108 ms
GET /ropa 304 - - 907.673 ms
GET /ropa 304 - - 754.942 ms
GET /ropa 304 - - 526.142 ms
GET /usuarios 304 - - 529.785 ms
GET /ropa 304 - - 542.865 ms
GET /ropa 304 - - 532.463 ms
GET /usuarios 304 - - 529.752 ms
GET /ropa 304 - - 535.892 ms
GET /usuarios 304 - - 523.846 ms
GET /ropa 304 - - 531.432 ms
GET /ropa 304 - - 542.276 ms
GET /ropa 304 - - 534.489 ms
GET /ropa 304 - - 525.098 ms
GET /ropa 304 - - 540.849 ms
GET /ropa 304 - - 573.062 ms
GET /ropa 304 - - 541.358 ms
GET /ropa 304 - - 529.686 ms
GET /usuarios 304 - - 530.536 ms
GET /ropa 304 - - 551.374 ms
GET /usuarios 304 - - 543.242 ms
GET /ropa 304 - - 548.705 ms
GET /ropa 304 - - 592.695 ms
GET /ropa 304 - - 689.560 ms
GET /usuarios 304 - - 698.487 ms
GET /ropa 304 - - 909.193 ms
GET /ropa 304 - - 531.708 ms
GET /usuarios 304 - - 549.744 ms
GET /ropa 304 - - 541.909 ms
GET /ropa 304 - - 557.259 ms
GET /usuarios 304 - - 557.392 ms
GET /ropa 304 - - 582.119 ms
GET /ropa 304 - - 535.873 ms
GET /usuarios 304 - - 549.726 ms
GET /ropa 304 - - 573.416 ms
GET /usuarios 304 - - 1050.318 ms
GET /ropa 304 - - 1060.169 ms
GET /ropa 304 - - 579.871 ms
GET /ropa 304 - - 537.706 ms
GET /usuarios 304 - - 535.864 ms
GET /ropa 304 - - 524.379 ms
GET /ropa 304 - - 535.284 ms
GET /usuarios 304 - - 534.794 ms
GET /ropa 304 - - 833.851 ms
GET /usuarios 304 - - 542.183 ms
GET /ropa 304 - - 550.070 ms
GET /ropa 304 - - 532.228 ms
GET /ropa 304 - - 557.359 ms
GET /usuarios 304 - - 610.193 ms
GET /ropa 304 - - 583.086 ms
GET /usuarios 304 - - 526.996 ms
GET /ropa 304 - - 552.643 ms
GET /ropa 304 - - 532.523 ms
GET /ropa 304 - - 548.508 ms
GET /ropa 304 - - 530.506 ms
GET /ropa 304 - - 540.910 ms
GET /ropa 304 - - 549.006 ms
GET /ropa 304 - - 528.447 ms
GET /ropa 304 - - 527.864 ms
GET /usuarios 304 - - 538.415 ms
GET /ropa 304 - - 539.744 ms
GET /ropa 304 - - 532.997 ms
GET /ropa 304 - - 543.414 ms
GET /ropa 304 - - 531.059 ms
GET /ropa 304 - - 548.149 ms
GET /ropa 304 - - 531.300 ms
GET /ropa 304 - - 525.929 ms
GET /usuarios 304 - - 532.892 ms
GET /ropa 304 - - 546.779 ms
GET /ropa 304 - - 622.472 ms
GET /ropa 304 - - 820.532 ms
GET /ropa 304 - - 603.932 ms
GET /ropa 304 - - 525.880 ms
GET /ropa 304 - - 532.565 ms
GET /ropa 304 - - 525.873 ms
GET /usuarios 304 - - 529.428 ms
GET /ropa 304 - - 575.232 ms
GET /ropa 304 - - 526.996 ms
GET /ropa 304 - - 532.076 ms
GET /ropa 304 - - 529.073 ms
GET /ropa 304 - - 545.624 ms
GET /ropa 304 - - 531.624 ms
GET /ropa 304 - - 612.692 ms
GET /usuarios 304 - - 618.666 ms
GET /usuarios 304 - - 607.175 ms
GET /ropa 304 - - 611.925 ms
GET /ropa 304 - - 532.163 ms
GET /usuarios 304 - - 537.382 ms
GET /ropa 304 - - 524.006 ms
GET /usuarios 304 - - 530.188 ms
GET /ropa 304 - - 564.285 ms
GET /ropa 304 - - 569.172 ms
GET /ropa 304 - - 799.222 ms
GET /ropa 304 - - 675.717 ms
GET /ropa 304 - - 537.933 ms
GET /ropa 304 - - 526.391 ms
GET /ropa 304 - - 735.481 ms
GET /usuarios 304 - - 839.625 ms
GET /ropa 304 - - 712.426 ms
GET /ropa 304 - - 545.840 ms
GET /usuarios 304 - - 537.513 ms
GET /ropa 304 - - 527.898 ms
GET /ropa 304 - - 533.739 ms
GET /usuarios 304 - - 530.121 ms
GET /ropa 304 - - 546.801 ms
GET /ropa 304 - - 577.732 ms
GET /usuarios 304 - - 577.299 ms
GET /ropa 304 - - 743.515 ms
GET /ropa 304 - - 549.836 ms
GET /usuarios 304 - - 562.695 ms
GET /ropa 304 - - 545.489 ms
GET /usuarios 304 - - 527.332 ms
GET /ropa 304 - - 534.912 ms
GET /ropa 304 - - 538.329 ms
GET /usuarios 304 - - 869.850 ms
GET /ropa 304 - - 874.397 ms
GET /ropa 304 - - 605.701 ms
GET /usuarios 304 - - 526.006 ms
GET /ropa 304 - - 531.989 ms
GET /ropa 304 - - 531.952 ms
GET /ropa 304 - - 731.713 ms
GET /usuarios 304 - - 730.147 ms
GET /ropa 304 - - 631.133 ms
GET /ropa 304 - - 877.015 ms
GET /usuarios 304 - - 879.111 ms
GET /ropa 304 - - 551.874 ms
GET /ropa 304 - - 535.147 ms
GET /usuarios 304 - - 533.241 ms
GET /ropa 304 - - 526.885 ms
GET /ropa 304 - - 528.615 ms
GET /usuarios 304 - - 532.089 ms
GET /ropa 304 - - 539.803 ms
GET /usuarios 304 - - 530.887 ms
GET /ropa 304 - - 532.059 ms
GET /ropa 304 - - 557.008 ms
GET /ropa 304 - - 537.125 ms
GET /usuarios 304 - - 534.036 ms
GET /ropa 304 - - 536.757 ms
GET /ropa 304 - - 553.471 ms
GET /usuarios 304 - - 559.817 ms
GET /ropa 304 - - 958.840 ms
GET /usuarios 304 - - 532.438 ms
GET /ropa 304 - - 542.442 ms
GET /ropa 304 - - 567.229 ms
GET /usuarios 304 - - 563.821 ms
GET /ropa 304 - - 592.391 ms
GET /ropa 304 - - 573.695 ms
GET /usuarios 304 - - 604.984 ms
GET /ropa 304 - - 609.275 ms
GET /ropa 304 - - 657.896 ms
GET /usuarios 304 - - 633.580 ms
GET /ropa 304 - - 668.477 ms
GET /ropa 304 - - 620.998 ms
GET /ropa 304 - - 589.950 ms
GET /usuarios 304 - - 589.213 ms
GET /ropa 304 - - 671.013 ms
GET /ropa 304 - - 538.562 ms
GET /usuarios 304 - - 539.659 ms
GET /ropa 304 - - 526.938 ms
GET /ropa 304 - - 534.544 ms
GET /usuarios 304 - - 536.233 ms
GET /ropa 304 - - 535.650 ms
GET /usuarios 304 - - 736.460 ms
GET /ropa 304 - - 740.982 ms
GET /ropa 304 - - 825.873 ms
GET /usuarios 304 - - 737.351 ms
GET /ropa 304 - - 742.746 ms
GET /ropa 304 - - 552.105 ms
GET /usuarios 304 - - 564.492 ms
GET /ropa 304 - - 570.252 ms
GET /ropa 304 - - 566.892 ms
GET /usuarios 304 - - 533.332 ms
GET /ropa 200 2104 - 538.940 ms
GET /ropa 304 - - 534.997 ms
GET /usuarios 304 - - 552.042 ms
GET /ropa 200 1959 - 559.150 ms
GET /ropa 304 - - 737.300 ms
GET /usuarios 304 - - 725.444 ms
GET /ropa 304 - - 733.438 ms
GET /ropa 304 - - 857.219 ms
GET /ropa 304 - - 529.856 ms
GET /usuarios 304 - - 541.981 ms
GET /ropa 304 - - 559.684 ms
GET /ropa 304 - - 527.946 ms
GET /usuarios 304 - - 528.418 ms
GET /ropa 304 - - 547.478 ms
GET /usuarios 304 - - 529.356 ms
GET /ropa 304 - - 535.025 ms
GET /ropa 304 - - 530.154 ms
GET /ropa 304 - - 549.002 ms
GET /usuarios 304 - - 570.536 ms
GET /ropa 304 - - 539.402 ms
GET /usuarios 304 - - 523.441 ms
GET /ropa 304 - - 541.509 ms
GET /ropa 304 - - 645.999 ms
GET /ropa 304 - - 531.995 ms
GET /usuarios 304 - - 530.968 ms
GET /ropa 304 - - 529.120 ms
GET /usuarios 304 - - 562.068 ms
GET /ropa 304 - - 565.426 ms
GET /ropa 304 - - 558.497 ms
GET /ropa 304 - - 558.912 ms
GET /usuarios 304 - - 575.109 ms
GET /ropa 304 - - 576.796 ms
GET /ropa 304 - - 529.967 ms
GET /usuarios 304 - - 534.182 ms
GET /ropa 304 - - 523.679 ms
GET /usuarios 304 - - 529.697 ms
GET /ropa 304 - - 542.144 ms
GET /ropa 304 - - 532.212 ms
GET /ropa 304 - - 533.738 ms
GET /usuarios 304 - - 533.374 ms
GET /ropa 304 - - 542.407 ms
GET /usuarios 304 - - 545.351 ms
GET /ropa 304 - - 548.772 ms
GET /ropa 304 - - 539.139 ms
GET /usuarios 304 - - 519.625 ms
GET /ropa 304 - - 527.664 ms
GET /ropa 304 - - 540.612 ms
GET /usuarios 304 - - 526.091 ms
GET /ropa 304 - - 530.166 ms
GET /ropa 304 - - 574.502 ms
GET /usuarios 304 - - 550.851 ms
GET /ropa 304 - - 567.807 ms
GET /ropa 304 - - 541.925 ms
GET /ropa 304 - - 524.723 ms
GET /usuarios 304 - - 524.682 ms
GET /ropa 304 - - 529.033 ms
GET /usuarios 304 - - 543.213 ms
GET /ropa 304 - - 549.646 ms
GET /ropa 304 - - 523.420 ms
GET /ropa 304 - - 527.581 ms
GET /usuarios 304 - - 527.209 ms
GET /ropa 304 - - 546.078 ms
POST /auth/login 400 87 - 176.940 ms
POST /auth/login 400 87 - 173.937 ms
GET /ropa 304 - - 533.343 ms
GET /usuarios 304 - - 526.577 ms
GET /ropa 304 - - 524.323 ms
POST /auth/login 400 87 - 173.295 ms
POST /auth/login 400 87 - 177.048 ms
GET /ropa 304 - - 520.769 ms
GET /usuarios 304 - - 525.200 ms
GET /ropa 304 - - 560.768 ms
POST /auth/login 400 87 - 174.313 ms
POST /auth/login 400 87 - 176.054 ms
GET /ropa 304 - - 541.534 ms
GET /usuarios 304 - - 535.399 ms
GET /ropa 304 - - 523.418 ms
POST /auth/login 400 87 - 177.576 ms
POST /auth/login 400 87 - 174.974 ms
GET /ropa 304 - - 525.771 ms
GET /usuarios 304 - - 531.301 ms
GET /ropa 304 - - 528.665 ms
POST /auth/login 400 87 - 173.354 ms
POST /auth/login 400 87 - 175.933 ms
GET /ropa 304 - - 520.203 ms
GET /usuarios 304 - - 527.537 ms
GET /ropa 304 - - 549.947 ms
GET /ropa 401 96 - 0.259 ms
GET /usuarios 401 96 - 0.251 ms
GET /ropa 401 96 - 0.244 ms
POST /auth/login 400 87 - 182.335 ms
POST /auth/login 400 87 - 180.381 ms
POST /auth/login 400 87 - 175.742 ms
POST /auth/login 400 87 - 173.481 ms
GET /ropa 304 - - 528.835 ms
GET /usuarios 304 - - 527.967 ms
GET /ropa 304 - - 532.016 ms
POST /auth/login 400 87 - 175.946 ms
POST /auth/login 400 87 - 176.844 ms
GET /ropa 304 - - 521.823 ms
GET /usuarios 304 - - 526.873 ms
GET /ropa 304 - - 522.909 ms
GET /ropa 401 96 - 0.337 ms
GET /usuarios 401 96 - 0.311 ms
GET /ropa 401 96 - 0.242 ms
POST /auth/login 400 87 - 172.590 ms
POST /auth/login 400 87 - 177.428 ms
POST /auth/login 400 87 - 176.963 ms
POST /auth/login 400 87 - 176.545 ms
GET /ropa 304 - - 527.207 ms
GET /usuarios 304 - - 549.603 ms
GET /ropa 304 - - 543.678 ms
POST /auth/login 400 87 - 174.564 ms
POST /auth/login 400 87 - 174.635 ms
GET /usuarios 304 - - 523.425 ms
GET /ropa 304 - - 532.262 ms
GET /ropa 304 - - 521.539 ms
POST /auth/login 200 472 - 281.525 ms
POST /auth/login 200 472 - 383.479 ms
GET /ropa 304 - - 617.027 ms
GET /usuarios 304 - - 717.577 ms
GET /ropa 304 - - 561.888 ms
POST /auth/login 200 472 - 264.372 ms
POST /auth/login 200 472 - 358.564 ms
GET /ropa 304 - - 552.391 ms
GET /usuarios 304 - - 612.443 ms
GET /ropa 304 - - 528.894 ms
POST /auth/login 200 472 - 275.417 ms
POST /auth/login 200 472 - 379.225 ms
GET /ropa 304 - - 628.126 ms
GET /usuarios 304 - - 627.945 ms
GET /ropa 304 - - 526.257 ms
POST /auth/login 200 472 - 269.241 ms
POST /auth/login 200 472 - 359.447 ms
GET /usuarios 304 - - 551.186 ms
GET /ropa 304 - - 559.638 ms
GET /ropa 304 - - 531.888 ms
GET /usuarios 304 - - 528.491 ms
GET /ropa 304 - - 535.646 ms
GET /ropa 304 - - 538.664 ms
POST /auth/login 200 472 - 269.101 ms
GET /ropa 304 - - 528.379 ms
GET /usuarios 304 - - 530.659 ms
GET /ropa 304 - - 524.529 ms
POST /auth/login 200 472 - 267.930 ms
POST /auth/login 200 472 - 362.784 ms
POST /auth/login 200 472 - 465.416 ms
POST /auth/login 200 472 - 561.775 ms
GET /ropa 304 - - 764.742 ms
GET /usuarios 304 - - 764.125 ms
GET /ropa 304 - - 543.120 ms
POST /auth/login 400 87 - 189.145 ms
POST /auth/login 200 472 - 287.758 ms
POST /auth/login 200 472 - 382.773 ms
POST /auth/login 400 87 - 385.941 ms
GET /ropa 304 - - 766.546 ms
GET /usuarios 304 - - 766.769 ms
GET /ropa 304 - - 529.641 ms
POST /auth/login 200 472 - 265.358 ms
POST /auth/login 200 472 - 351.242 ms
POST /auth/login 200 472 - 445.849 ms
POST /auth/login 400 87 - 438.465 ms
POST /auth/login 400 87 - 175.731 ms
GET /usuarios 304 - - 647.059 ms
GET /ropa 304 - - 656.129 ms
GET /ropa 304 - - 526.479 ms
POST /auth/login 200 472 - 264.353 ms
POST /auth/login 200 472 - 360.072 ms
POST /auth/login 200 472 - 452.163 ms
GET /usuarios 304 - - 793.081 ms
GET /ropa 304 - - 793.664 ms
GET /ropa 304 - - 537.251 ms
POST /auth/login 200 472 - 269.090 ms
POST /auth/login 200 472 - 364.221 ms
POST /auth/login 200 472 - 443.561 ms
GET /usuarios 304 - - 659.568 ms
GET /ropa 304 - - 678.160 ms
GET /ropa 304 - - 537.607 ms
POST /auth/login 200 472 - 269.047 ms
POST /auth/login 200 472 - 379.954 ms
POST /auth/login 200 472 - 469.760 ms
GET /usuarios 304 - - 702.595 ms
GET /ropa 304 - - 709.706 ms
GET /ropa 304 - - 523.424 ms
POST /auth/login 200 472 - 267.481 ms
POST /auth/login 200 472 - 351.652 ms
POST /auth/login 200 472 - 470.848 ms
GET /usuarios 304 - - 660.984 ms
GET /ropa 304 - - 667.619 ms
GET /ropa 304 - - 528.116 ms
POST /auth/login 200 472 - 268.470 ms
POST /auth/login 200 472 - 381.989 ms
GET /usuarios 304 - - 736.019 ms
GET /ropa 304 - - 747.622 ms
GET /ropa 304 - - 542.665 ms
POST /auth/login 200 472 - 266.055 ms
POST /auth/login 200 472 - 362.211 ms
GET /usuarios 304 - - 550.190 ms
GET /ropa 304 - - 556.735 ms
GET /ropa 304 - - 543.652 ms
POST /auth/login 200 472 - 272.965 ms
POST /auth/login 200 472 - 371.643 ms
GET /ropa 304 - - 557.000 ms
GET /usuarios 304 - - 623.959 ms
GET /ropa 304 - - 539.629 ms
POST /auth/login 200 472 - 273.545 ms
POST /auth/login 200 472 - 371.407 ms
GET /usuarios 304 - - 556.894 ms
GET /ropa 304 - - 568.861 ms
GET /ropa 304 - - 539.966 ms
POST /auth/login 200 472 - 263.228 ms
POST /auth/login 200 472 - 345.611 ms
GET /ropa 304 - - 552.000 ms
GET /usuarios 304 - - 608.241 ms
GET /ropa 304 - - 530.786 ms
POST /auth/login 200 472 - 269.504 ms
POST /auth/login 200 472 - 360.668 ms
GET /ropa 304 - - 553.831 ms
GET /usuarios 304 - - 628.594 ms
GET /ropa 304 - - 525.093 ms
POST /auth/login 200 472 - 265.298 ms
POST /auth/login 200 472 - 353.860 ms
GET /ropa 304 - - 544.397 ms
GET /usuarios 304 - - 617.924 ms
GET /ropa 304 - - 534.129 ms
POST /auth/login 200 472 - 268.026 ms
POST /auth/login 200 472 - 359.684 ms
GET /ropa 304 - - 568.565 ms
GET /usuarios 304 - - 572.154 ms
GET /ropa 304 - - 532.526 ms
POST /auth/login 200 472 - 266.424 ms
POST /auth/login 200 472 - 348.065 ms
GET /ropa 304 - - 633.075 ms
GET /usuarios 304 - - 705.271 ms
GET /ropa 304 - - 568.530 ms
POST /auth/login 200 472 - 266.210 ms
POST /auth/login 200 472 - 357.324 ms
POST /auth/login 200 472 - 448.213 ms
POST /auth/login 200 472 - 541.488 ms
GET /usuarios 304 - - 743.060 ms
GET /ropa 304 - - 746.822 ms
GET /ropa 304 - - 586.101 ms
POST /auth/login 200 472 - 267.426 ms
POST /auth/login 200 472 - 365.493 ms
POST /auth/login 200 472 - 455.208 ms
POST /auth/login 200 472 - 572.232 ms
GET /usuarios 304 - - 767.570 ms
GET /ropa 304 - - 772.291 ms
GET /ropa 304 - - 548.169 ms
POST /auth/login 200 472 - 263.864 ms
POST /auth/login 200 472 - 364.394 ms
GET /ropa 304 - - 708.106 ms
GET /usuarios 304 - - 716.125 ms
GET /ropa 304 - - 534.915 ms
POST /auth/login 200 472 - 269.852 ms
GET /ropa 304 - - 613.207 ms
GET /usuarios 304 - - 615.457 ms
GET /ropa 304 - - 527.774 ms
POST /auth/login 200 472 - 270.923 ms
POST /auth/login 200 472 - 361.848 ms
GET /usuarios 304 - - 726.593 ms
GET /ropa 304 - - 726.770 ms
GET /ropa 304 - - 537.774 ms
POST /auth/login 200 472 - 291.101 ms
POST /auth/login 200 472 - 392.823 ms
GET /usuarios 304 - - 582.806 ms
GET /ropa 304 - - 601.540 ms
GET /ropa 304 - - 525.601 ms
POST /auth/login 200 472 - 265.672 ms
POST /auth/login 200 472 - 360.749 ms
GET /usuarios 304 - - 537.775 ms
GET /ropa 304 - - 542.144 ms
GET /ropa 304 - - 577.346 ms
POST /auth/login 200 472 - 261.509 ms
POST /auth/login 200 472 - 353.619 ms
GET /usuarios 304 - - 697.006 ms
GET /ropa 304 - - 700.952 ms
GET /ropa 304 - - 566.678 ms
POST /auth/login 200 472 - 276.417 ms
POST /auth/login 200 472 - 387.602 ms
GET /usuarios 304 - - 572.981 ms
GET /ropa 304 - - 585.433 ms
GET /ropa 304 - - 522.920 ms
POST /auth/login 200 472 - 270.094 ms
POST /auth/login 200 472 - 367.430 ms
GET /ropa 304 - - 620.265 ms
GET /usuarios 304 - - 718.317 ms
GET /ropa 304 - - 537.347 ms
POST /auth/login 200 472 - 276.237 ms
POST /auth/login 200 472 - 367.499 ms
GET /ropa 304 - - 567.012 ms
GET /usuarios 304 - - 560.862 ms
GET /ropa 304 - - 528.467 ms
POST /auth/login 200 472 - 265.775 ms
POST /auth/login 200 472 - 357.897 ms
GET /usuarios 304 - - 541.464 ms
GET /ropa 304 - - 546.303 ms
GET /ropa 304 - - 523.775 ms
POST /auth/login 200 472 - 296.993 ms
POST /auth/login 200 472 - 389.547 ms
GET /usuarios 304 - - 658.050 ms
GET /ropa 304 - - 737.264 ms
GET /ropa 304 - - 556.419 ms
POST /auth/login 200 472 - 269.463 ms
POST /auth/login 200 472 - 354.132 ms
GET /usuarios 304 - - 699.901 ms
GET /ropa 304 - - 710.112 ms
GET /ropa 304 - - 525.564 ms
POST /auth/login 200 472 - 269.826 ms
POST /auth/login 200 472 - 367.136 ms
GET /ropa 304 - - 561.349 ms
GET /usuarios 304 - - 547.524 ms
GET /ropa 304 - - 536.449 ms
POST /auth/login 200 472 - 265.022 ms
POST /auth/login 200 472 - 354.617 ms
GET /ropa 304 - - 553.627 ms
GET /usuarios 304 - - 553.229 ms
GET /ropa 304 - - 525.082 ms
POST /auth/login 200 472 - 264.467 ms
POST /auth/login 200 472 - 354.460 ms
GET /ropa 304 - - 548.110 ms
GET /usuarios 304 - - 542.264 ms
GET /ropa 304 - - 535.753 ms
POST /auth/login 200 472 - 263.675 ms
POST /auth/login 200 472 - 350.515 ms
GET /usuarios 304 - - 547.432 ms
GET /ropa 304 - - 551.728 ms
GET /ropa 304 - - 518.807 ms
POST /auth/login 200 472 - 273.877 ms
POST /auth/login 200 472 - 374.411 ms
GET /usuarios 304 - - 723.977 ms
GET /ropa 304 - - 730.799 ms
GET /ropa 304 - - 525.494 ms
POST /auth/login 200 472 - 271.516 ms
POST /auth/login 200 472 - 366.744 ms
GET /usuarios 304 - - 613.715 ms
GET /ropa 304 - - 617.219 ms
GET /ropa 304 - - 528.162 ms
POST /auth/login 200 472 - 285.935 ms
POST /auth/login 200 472 - 383.735 ms
GET /usuarios 304 - - 569.553 ms
GET /ropa 304 - - 572.592 ms
GET /ropa 304 - - 533.003 ms
POST /auth/login 200 472 - 267.627 ms
POST /auth/login 200 472 - 363.760 ms
GET /ropa 304 - - 751.544 ms
GET /usuarios 304 - - 745.808 ms
GET /ropa 304 - - 608.569 ms
POST /auth/login 200 472 - 268.917 ms
POST /auth/login 200 472 - 370.324 ms
GET /ropa 304 - - 764.708 ms
GET /usuarios 304 - - 790.503 ms
GET /ropa 304 - - 634.743 ms
POST /auth/login 400 87 - 215.011 ms
POST /auth/login 400 87 - 265.389 ms
POST /auth/login 200 472 - 302.672 ms
POST /auth/login 200 472 - 403.071 ms
GET /usuarios 304 - - 635.956 ms
GET /ropa 304 - - 652.310 ms
GET /ropa 304 - - 623.596 ms
POST /auth/login 200 472 - 307.662 ms
POST /auth/login 200 472 - 413.000 ms
GET /usuarios 304 - - 780.843 ms
GET /ropa 304 - - 783.986 ms
GET /ropa 304 - - 1096.462 ms
POST /auth/login 200 472 - 265.046 ms
GET /ropa 304 - - 522.035 ms
GET /usuarios 304 - - 632.684 ms
GET /ropa 304 - - 541.727 ms
POST /auth/login 200 472 - 331.096 ms
GET /usuarios 304 - - 522.611 ms
GET /ropa 304 - - 527.250 ms
GET /ropa 304 - - 595.186 ms
POST /auth/login 200 472 - 266.992 ms
GET /ropa 304 - - 527.638 ms
GET /usuarios 304 - - 654.729 ms
GET /ropa 304 - - 523.122 ms
POST /auth/login 200 472 - 277.127 ms
GET /usuarios 304 - - 627.029 ms
GET /ropa 304 - - 640.672 ms
GET /ropa 304 - - 558.862 ms
POST /auth/login 200 472 - 265.766 ms
GET /ropa 304 - - 526.374 ms
GET /usuarios 304 - - 528.050 ms
GET /ropa 304 - - 524.961 ms
POST /auth/login 200 472 - 267.307 ms
GET /usuarios 304 - - 619.772 ms
GET /ropa 304 - - 623.581 ms
GET /ropa 304 - - 524.767 ms
POST /auth/login 200 472 - 269.017 ms
GET /ropa 304 - - 525.128 ms
GET /usuarios 304 - - 524.931 ms
GET /ropa 304 - - 524.768 ms
POST /auth/login 200 472 - 267.573 ms
GET /ropa 304 - - 618.286 ms
GET /usuarios 304 - - 619.656 ms
GET /ropa 304 - - 538.522 ms
POST /auth/login 200 472 - 267.551 ms
GET /ropa 304 - - 614.454 ms
GET /usuarios 304 - - 614.403 ms
GET /ropa 304 - - 524.876 ms
POST /auth/login 200 472 - 284.734 ms
GET /ropa 304 - - 636.146 ms
GET /usuarios 304 - - 638.822 ms
GET /ropa 304 - - 529.986 ms
POST /auth/login 200 472 - 308.647 ms
GET /usuarios 304 - - 559.621 ms
GET /ropa 304 - - 565.035 ms
GET /ropa 304 - - 527.592 ms
POST /auth/login 200 472 - 272.161 ms
GET /ropa 304 - - 542.010 ms
GET /usuarios 304 - - 541.115 ms
GET /ropa 304 - - 532.032 ms
POST /auth/login 200 472 - 263.925 ms
GET /ropa 304 - - 527.932 ms
GET /usuarios 304 - - 531.844 ms
GET /ropa 304 - - 523.889 ms
POST /auth/login 200 472 - 287.427 ms
GET /ropa 304 - - 752.700 ms
GET /usuarios 304 - - 751.460 ms
GET /ropa 304 - - 606.515 ms
GET /ropa 404 73 - 1.063 ms
GET /usuarios 404 73 - 1.271 ms
GET /ropa 404 73 - 0.652 ms
POST /auth/login 200 472 - 269.576 ms
POST /auth/login 200 472 - 1977.345 ms
GET /usuarios 200 717 - 2215.939 ms
GET /ropa 200 1959 - 2219.586 ms
GET /ropa 304 - - 523.685 ms
POST /auth/login 200 472 - 271.706 ms
GET /ropa 304 - - 526.371 ms
GET /usuarios 304 - - 525.366 ms
GET /ropa 304 - - 531.202 ms
POST /auth/login 200 472 - 276.380 ms
GET /ropa 304 - - 618.682 ms
GET /usuarios 304 - - 628.337 ms
GET /ropa 304 - - 565.185 ms
POST /auth/login 200 472 - 263.894 ms
POST /auth/login 200 472 - 359.385 ms
GET /usuarios 304 - - 706.101 ms
GET /ropa 304 - - 714.691 ms
GET /ropa 304 - - 540.015 ms
POST /auth/login 200 472 - 299.484 ms
POST /auth/login 200 472 - 437.189 ms
POST /auth/login 200 472 - 266.202 ms
POST /auth/login 200 472 - 352.904 ms
GET /usuarios 304 - - 542.176 ms
GET /ropa 304 - - 642.532 ms
GET /ropa 304 - - 550.936 ms
POST /auth/login 200 472 - 263.711 ms
POST /auth/login 200 472 - 360.589 ms
GET /ropa 304 - - 559.584 ms
GET /usuarios 304 - - 563.025 ms
GET /ropa 304 - - 537.288 ms
POST /auth/login 200 472 - 265.020 ms
POST /auth/login 200 472 - 361.311 ms
GET /ropa 304 - - 725.961 ms
GET /usuarios 304 - - 725.455 ms
GET /ropa 304 - - 558.801 ms
POST /auth/login 200 472 - 270.913 ms
POST /auth/login 200 472 - 368.057 ms
GET /ropa 304 - - 634.893 ms
GET /usuarios 304 - - 725.023 ms
GET /ropa 304 - - 643.882 ms
POST /auth/login 200 472 - 271.843 ms
POST /auth/login 200 472 - 366.942 ms
GET /ropa 304 - - 552.191 ms
GET /usuarios 304 - - 621.160 ms
GET /ropa 304 - - 528.088 ms
POST /auth/login 200 472 - 271.794 ms
POST /auth/login 200 472 - 373.664 ms
GET /ropa 304 - - 727.520 ms
GET /usuarios 304 - - 725.061 ms
GET /ropa 304 - - 527.338 ms
POST /auth/login 200 472 - 261.316 ms
POST /auth/login 200 472 - 351.513 ms
GET /usuarios 304 - - 703.940 ms
GET /ropa 304 - - 710.186 ms
GET /ropa 304 - - 523.524 ms
POST /auth/login 200 472 - 271.427 ms
POST /auth/login 200 472 - 364.525 ms
GET /ropa 304 - - 562.023 ms
GET /usuarios 304 - - 560.530 ms
GET /ropa 304 - - 534.222 ms
POST /auth/login 200 472 - 272.209 ms
POST /auth/login 200 472 - 378.794 ms
GET /usuarios 304 - - 626.041 ms
GET /ropa 304 - - 629.199 ms
GET /ropa 304 - - 535.064 ms
POST /auth/login 200 472 - 263.135 ms
POST /auth/login 200 472 - 352.999 ms
GET /ropa 304 - - 703.463 ms
GET /usuarios 304 - - 701.830 ms
GET /ropa 304 - - 528.026 ms
POST /auth/login 200 472 - 278.987 ms
POST /auth/login 200 472 - 384.636 ms
GET /usuarios 304 - - 731.020 ms
GET /ropa 304 - - 741.420 ms
GET /ropa 304 - - 532.017 ms
POST /auth/login 200 472 - 259.614 ms
POST /auth/login 200 472 - 357.444 ms
GET /ropa 304 - - 700.511 ms
GET /usuarios 304 - - 704.147 ms
GET /ropa 304 - - 527.530 ms
POST /auth/login 200 472 - 342.139 ms
POST /auth/login 200 472 - 473.433 ms
GET /ropa 304 - - 1236.301 ms
GET /usuarios 304 - - 1256.855 ms
GET /ropa 304 - - 530.601 ms
POST /auth/login 200 472 - 272.140 ms
POST /auth/login 200 472 - 371.813 ms
GET /usuarios 304 - - 740.734 ms
GET /ropa 304 - - 746.607 ms
GET /ropa 304 - - 533.155 ms
POST /auth/login 200 472 - 284.213 ms
POST /auth/login 200 472 - 385.982 ms
GET /ropa 304 - - 595.014 ms
GET /usuarios 304 - - 742.757 ms
GET /ropa 304 - - 533.142 ms
POST /auth/login 200 472 - 268.524 ms
POST /auth/login 200 472 - 379.654 ms
GET /ropa 304 - - 745.331 ms
GET /usuarios 304 - - 745.857 ms
GET /ropa 304 - - 526.317 ms
POST /auth/login 200 472 - 274.177 ms
POST /auth/login 200 472 - 364.370 ms
GET /usuarios 304 - - 550.354 ms
GET /ropa 304 - - 567.370 ms
GET /ropa 304 - - 538.213 ms
POST /auth/login 200 472 - 274.780 ms
POST /auth/login 200 472 - 375.992 ms
GET /usuarios 304 - - 718.267 ms
GET /ropa 304 - - 736.174 ms
GET /ropa 304 - - 531.090 ms
POST /auth/login 200 472 - 277.440 ms
POST /auth/login 200 472 - 402.408 ms
GET /ropa 304 - - 627.039 ms
GET /usuarios 304 - - 623.033 ms
GET /ropa 304 - - 549.388 ms
POST /auth/login 200 472 - 268.763 ms
POST /auth/login 200 472 - 387.935 ms
GET /ropa 304 - - 632.422 ms
GET /usuarios 304 - - 629.999 ms
GET /ropa 304 - - 537.887 ms
GET /ropa 304 - - 536.530 ms
POST /auth/login 200 472 - 266.856 ms
POST /auth/login 200 472 - 388.987 ms
GET /ropa 304 - - 584.140 ms
GET /usuarios 304 - - 747.404 ms
GET /ropa 304 - - 533.146 ms
POST /auth/login 200 472 - 269.602 ms
POST /auth/login 200 472 - 381.041 ms
GET /ropa 304 - - 584.583 ms
GET /usuarios 304 - - 741.775 ms
GET /ropa 304 - - 549.696 ms
POST /auth/login 200 472 - 289.150 ms
POST /auth/login 200 472 - 387.875 ms
GET /ropa 304 - - 589.548 ms
GET /usuarios 304 - - 581.836 ms
GET /ropa 304 - - 543.636 ms
POST /auth/login 200 472 - 272.270 ms
POST /auth/login 200 472 - 379.292 ms
GET /usuarios 304 - - 563.635 ms
GET /ropa 304 - - 571.649 ms
GET /ropa 304 - - 534.674 ms
POST /auth/login 200 472 - 297.138 ms
POST /auth/login 200 472 - 398.747 ms
GET /ropa 304 - - 680.720 ms
GET /usuarios 304 - - 848.197 ms
GET /ropa 304 - - 578.662 ms
POST /auth/login 200 472 - 273.001 ms
POST /auth/login 200 472 - 373.339 ms
GET /usuarios 304 - - 578.975 ms
GET /ropa 304 - - 584.571 ms
GET /ropa 304 - - 530.289 ms
POST /auth/login 200 472 - 270.478 ms
POST /auth/login 200 472 - 378.836 ms
GET /ropa 304 - - 744.749 ms
GET /usuarios 304 - - 744.241 ms
GET /ropa 304 - - 533.894 ms
POST /auth/login 200 472 - 278.274 ms
POST /auth/login 200 472 - 379.983 ms
GET /usuarios 304 - - 633.756 ms
GET /ropa 304 - - 638.547 ms
GET /ropa 304 - - 534.405 ms
POST /auth/login 200 472 - 269.114 ms
POST /auth/login 200 472 - 369.956 ms
GET /ropa 304 - - 589.042 ms
GET /usuarios 304 - - 585.325 ms
GET /ropa 304 - - 529.146 ms
POST /auth/login 200 472 - 283.358 ms
POST /auth/login 200 472 - 379.112 ms
GET /usuarios 304 - - 739.821 ms
GET /ropa 304 - - 774.621 ms
GET /ropa 304 - - 558.087 ms
POST /auth/login 200 472 - 327.183 ms
POST /auth/login 200 472 - 452.579 ms
GET /ropa 304 - - 806.173 ms
GET /usuarios 304 - - 807.104 ms
GET /ropa 304 - - 528.045 ms
POST /auth/login 200 472 - 272.952 ms
POST /auth/login 200 472 - 380.598 ms
GET /ropa 304 - - 638.020 ms
GET /usuarios 304 - - 637.159 ms
GET /ropa 304 - - 536.498 ms
POST /auth/login 200 472 - 276.491 ms
POST /auth/login 200 472 - 375.249 ms
GET /ropa 304 - - 575.724 ms
GET /usuarios 304 - - 576.896 ms
GET /ropa 304 - - 555.510 ms
POST /auth/login 200 472 - 276.538 ms
POST /auth/login 200 472 - 405.823 ms
GET /ropa 304 - - 759.056 ms
GET /usuarios 304 - - 751.327 ms
GET /ropa 304 - - 529.506 ms
GET /ropa 304 - - 527.897 ms
POST /auth/login 200 472 - 264.919 ms
POST /auth/login 200 472 - 362.944 ms
GET /usuarios 304 - - 551.231 ms
GET /ropa 304 - - 556.142 ms
GET /ropa 304 - - 540.818 ms
GET /ropa 304 - - 531.258 ms
GET /ropa 304 - - 552.439 ms
POST /auth/login 200 472 - 275.606 ms
POST /auth/login 200 472 - 368.393 ms
GET /ropa 304 - - 710.377 ms
GET /usuarios 304 - - 712.695 ms
GET /ropa 304 - - 536.571 ms
POST /auth/login 200 472 - 270.960 ms
POST /auth/login 200 472 - 398.001 ms
GET /ropa 304 - - 750.870 ms
GET /usuarios 304 - - 751.656 ms
GET /ropa 304 - - 547.551 ms
POST /auth/login 200 472 - 273.526 ms
POST /auth/login 200 472 - 382.477 ms
GET /usuarios 304 - - 729.303 ms
GET /ropa 304 - - 735.430 ms
GET /ropa 304 - - 548.935 ms
GET /ropa 304 - - 536.395 ms
GET /ropa 304 - - 600.279 ms
POST /auth/login 200 472 - 265.519 ms
POST /auth/login 200 472 - 360.848 ms
GET /ropa 304 - - 575.400 ms
GET /usuarios 304 - - 580.171 ms
GET /ropa 304 - - 537.344 ms
GET /ropa 304 - - 522.272 ms
GET /ropa 304 - - 556.290 ms
POST /auth/login 200 472 - 268.241 ms
POST /auth/login 200 472 - 372.568 ms
GET /ropa 304 - - 725.014 ms
GET /usuarios 304 - - 723.433 ms
POST /auth/login 200 472 - 275.822 ms
POST /auth/login 200 472 - 433.554 ms
GET /ropa 304 - - 641.951 ms
GET /usuarios 304 - - 627.212 ms
POST /auth/login 200 472 - 264.939 ms
POST /auth/login 200 472 - 407.428 ms
GET /usuarios 304 - - 758.884 ms
GET /ropa 304 - - 761.749 ms
POST /auth/login 200 472 - 269.740 ms
POST /auth/login 200 472 - 357.541 ms
GET /ropa 304 - - 557.230 ms
GET /usuarios 304 - - 558.941 ms
POST /auth/login 200 472 - 263.753 ms
POST /auth/login 200 472 - 359.322 ms
GET /usuarios 304 - - 552.311 ms
GET /ropa 304 - - 558.387 ms
POST /auth/login 200 472 - 264.364 ms
POST /auth/login 200 472 - 346.028 ms
GET /ropa 304 - - 617.709 ms
GET /usuarios 304 - - 618.717 ms
POST /auth/login 200 472 - 263.676 ms
POST /auth/login 200 472 - 352.928 ms
GET /usuarios 304 - - 547.491 ms
GET /ropa 304 - - 553.685 ms
POST /auth/login 200 472 - 279.421 ms
POST /auth/login 200 472 - 371.299 ms
GET /ropa 304 - - 568.509 ms
GET /usuarios 304 - - 568.703 ms
POST /auth/login 200 472 - 269.017 ms
POST /auth/login 200 472 - 359.384 ms
GET /ropa 304 - - 559.955 ms
GET /usuarios 304 - - 560.178 ms
POST /auth/login 200 472 - 273.210 ms
POST /auth/login 200 472 - 376.930 ms
GET /ropa 304 - - 582.715 ms
GET /usuarios 304 - - 668.824 ms
POST /auth/login 200 472 - 274.519 ms
POST /auth/login 200 472 - 365.657 ms
GET /ropa 304 - - 627.027 ms
GET /usuarios 304 - - 626.679 ms
POST /auth/login 200 472 - 262.080 ms
POST /auth/login 200 472 - 348.893 ms
GET /ropa 304 - - 640.831 ms
GET /usuarios 304 - - 639.830 ms
POST /auth/login 200 472 - 282.034 ms
POST /auth/login 200 472 - 383.397 ms
GET /ropa 304 - - 725.498 ms
GET /usuarios 304 - - 725.129 ms
POST /auth/login 200 472 - 265.669 ms
POST /auth/login 200 472 - 365.128 ms
GET /ropa 304 - - 729.238 ms
GET /usuarios 304 - - 856.279 ms
POST /auth/login 200 472 - 292.633 ms
POST /auth/login 200 472 - 417.270 ms
GET /ropa 304 - - 644.041 ms
GET /usuarios 304 - - 778.458 ms
POST /auth/login 200 472 - 270.218 ms
POST /auth/login 200 472 - 360.786 ms
GET /usuarios 304 - - 546.862 ms
GET /ropa 304 - - 551.191 ms
POST /auth/login 200 472 - 278.437 ms
POST /auth/login 200 472 - 409.683 ms
GET /usuarios 304 - - 755.417 ms
GET /ropa 304 - - 762.837 ms
POST /auth/login 200 472 - 280.833 ms
POST /auth/login 200 472 - 391.983 ms
GET /ropa 304 - - 618.548 ms
GET /usuarios 304 - - 755.848 ms
POST /auth/login 200 472 - 297.155 ms
POST /auth/login 200 472 - 390.669 ms
GET /ropa 304 - - 896.528 ms
GET /usuarios 304 - - 899.291 ms
POST /auth/login 200 472 - 267.825 ms
POST /auth/login 200 472 - 353.202 ms
GET /ropa 304 - - 586.534 ms
GET /usuarios 304 - - 624.798 ms
POST /auth/login 200 472 - 271.703 ms
POST /auth/login 200 472 - 375.298 ms
GET /ropa 304 - - 575.707 ms
GET /usuarios 304 - - 624.423 ms
POST /auth/login 200 472 - 287.346 ms
POST /auth/login 200 472 - 373.866 ms
GET /usuarios 304 - - 569.596 ms
GET /ropa 304 - - 574.770 ms
POST /auth/login 200 472 - 269.812 ms
POST /auth/login 200 472 - 354.083 ms
GET /usuarios 304 - - 559.779 ms
GET /ropa 304 - - 586.212 ms
POST /auth/login 200 472 - 269.650 ms
POST /auth/login 200 472 - 364.789 ms
GET /ropa 304 - - 726.089 ms
GET /usuarios 304 - - 726.208 ms
POST /auth/login 200 472 - 283.749 ms
POST /auth/login 200 472 - 378.872 ms
GET /ropa 304 - - 865.246 ms
GET /usuarios 304 - - 864.514 ms
POST /auth/login 200 472 - 264.338 ms
POST /auth/login 200 472 - 357.531 ms
GET /usuarios 304 - - 701.616 ms
GET /ropa 304 - - 705.458 ms
POST /auth/login 200 472 - 271.667 ms
POST /auth/login 200 472 - 364.140 ms
GET /ropa 304 - - 694.705 ms
GET /usuarios 304 - - 702.609 ms
POST /auth/login 200 472 - 269.580 ms
POST /auth/login 200 472 - 366.228 ms
GET /ropa 304 - - 762.120 ms
GET /usuarios 304 - - 765.861 ms
POST /auth/login 200 472 - 290.790 ms
POST /auth/login 200 472 - 392.181 ms
GET /ropa 304 - - 596.170 ms
GET /usuarios 304 - - 595.676 ms
POST /auth/login 200 472 - 286.401 ms
POST /auth/login 200 472 - 380.380 ms
GET /usuarios 304 - - 575.279 ms
GET /ropa 304 - - 581.472 ms
POST /auth/login 200 472 - 265.610 ms
POST /auth/login 200 472 - 361.433 ms
GET /usuarios 304 - - 569.553 ms
GET /ropa 304 - - 575.276 ms
POST /auth/login 200 472 - 272.100 ms
POST /auth/login 200 472 - 367.438 ms
GET /usuarios 304 - - 559.587 ms
GET /ropa 304 - - 581.352 ms
POST /auth/login 200 472 - 267.024 ms
POST /auth/login 200 472 - 390.316 ms
GET /usuarios 304 - - 571.639 ms
GET /ropa 304 - - 576.654 ms
POST /auth/login 200 472 - 299.308 ms
POST /auth/login 200 472 - 476.198 ms
GET /ropa 304 - - 845.404 ms
GET /usuarios 304 - - 848.511 ms
POST /auth/login 200 472 - 268.531 ms
POST /auth/login 200 472 - 367.435 ms
GET /ropa 304 - - 564.518 ms
GET /usuarios 304 - - 563.784 ms
POST /auth/login 200 472 - 371.833 ms
POST /auth/login 200 472 - 490.653 ms
GET /ropa 304 - - 838.305 ms
GET /usuarios 304 - - 838.631 ms
POST /auth/login 200 472 - 268.118 ms
POST /auth/login 200 472 - 371.022 ms
GET /ropa 304 - - 561.539 ms
GET /usuarios 304 - - 630.798 ms
POST /auth/login 200 472 - 273.723 ms
POST /auth/login 200 472 - 365.369 ms
GET /ropa 304 - - 569.368 ms
GET /usuarios 304 - - 569.204 ms
POST /auth/login 200 472 - 281.096 ms
POST /auth/login 200 472 - 379.960 ms
GET /ropa 304 - - 668.967 ms
GET /usuarios 304 - - 672.768 ms
POST /auth/login 200 472 - 272.495 ms
POST /auth/login 200 472 - 398.096 ms
GET /usuarios 304 - - 890.203 ms
GET /ropa 304 - - 930.605 ms
POST /auth/login 200 472 - 270.988 ms
POST /auth/login 200 472 - 359.239 ms
GET /ropa 304 - - 589.165 ms
GET /usuarios 304 - - 716.266 ms
POST /auth/login 200 472 - 272.492 ms
POST /auth/login 200 472 - 362.994 ms
GET /ropa 304 - - 557.098 ms
GET /usuarios 304 - - 554.736 ms
POST /auth/login 200 472 - 294.685 ms
POST /auth/login 200 472 - 409.521 ms
GET /ropa 304 - - 652.802 ms
GET /usuarios 304 - - 761.712 ms
POST /auth/login 200 472 - 291.725 ms
POST /auth/login 200 472 - 376.761 ms
GET /ropa 304 - - 896.136 ms
GET /usuarios 304 - - 895.371 ms
POST /auth/login 200 472 - 263.765 ms
POST /auth/login 200 472 - 348.049 ms
GET /ropa 304 - - 631.166 ms
GET /usuarios 304 - - 704.361 ms
POST /auth/login 200 472 - 266.889 ms
POST /auth/login 200 472 - 362.191 ms
GET /usuarios 304 - - 550.260 ms
GET /ropa 304 - - 570.915 ms
POST /auth/login 200 472 - 303.342 ms
POST /auth/login 200 472 - 401.612 ms
GET /ropa 304 - - 604.037 ms
GET /usuarios 304 - - 757.264 ms
POST /auth/login 200 472 - 268.735 ms
POST /auth/login 200 472 - 360.773 ms
GET /ropa 304 - - 556.511 ms
GET /usuarios 304 - - 620.335 ms
POST /auth/login 200 472 - 267.566 ms
POST /auth/login 200 472 - 353.526 ms
GET /ropa 304 - - 550.296 ms
GET /usuarios 304 - - 551.062 ms
POST /auth/login 200 472 - 264.005 ms
POST /auth/login 200 472 - 349.642 ms
GET /ropa 304 - - 571.053 ms
GET /usuarios 304 - - 570.200 ms
POST /auth/login 200 472 - 285.293 ms
POST /auth/login 200 472 - 375.079 ms
GET /ropa 304 - - 739.929 ms
GET /usuarios 304 - - 740.963 ms
POST /auth/login 200 472 - 269.474 ms
POST /auth/login 200 472 - 360.424 ms
GET /usuarios 304 - - 553.754 ms
GET /ropa 304 - - 558.496 ms
POST /auth/login 200 472 - 264.918 ms
POST /auth/login 200 472 - 354.474 ms
GET /usuarios 304 - - 702.829 ms
GET /ropa 304 - - 706.597 ms
GET /ropa 304 - - 550.745 ms
GET /ropa 304 - - 530.873 ms
POST /auth/login 200 472 - 268.880 ms
POST /auth/login 200 472 - 359.754 ms
GET /usuarios 304 - - 674.521 ms
GET /ropa 304 - - 676.506 ms
GET /ropa 304 - - 527.578 ms
GET /ropa 304 - - 542.457 ms
POST /auth/login 200 472 - 266.858 ms
POST /auth/login 200 472 - 369.883 ms
GET /usuarios 304 - - 552.769 ms
GET /ropa 304 - - 558.500 ms
GET /ropa 304 - - 603.511 ms
GET /ropa 304 - - 774.544 ms
POST /auth/login 200 472 - 270.275 ms
POST /auth/login 200 472 - 365.419 ms
GET /usuarios 304 - - 559.719 ms
GET /ropa 304 - - 565.537 ms
GET /ropa 304 - - 533.359 ms
GET /ropa 304 - - 525.406 ms
POST /auth/login 200 470 - 263.962 ms
POST /auth/login 200 470 - 357.831 ms
GET /ropa 304 - - 554.393 ms
GET /usuarios 304 - - 552.038 ms
POST /auth/login 200 470 - 312.410 ms
POST /auth/login 200 470 - 400.825 ms
GET /ropa 304 - - 618.790 ms
GET /usuarios 304 - - 650.398 ms
POST /auth/login 200 470 - 265.947 ms
POST /auth/login 200 470 - 356.567 ms
GET /ropa 304 - - 565.440 ms
GET /usuarios 304 - - 564.883 ms
GET /ropa 304 - - 523.785 ms
GET /ropa 304 - - 530.305 ms
POST /auth/login 200 470 - 274.567 ms
POST /auth/login 200 470 - 367.930 ms
GET /ropa 304 - - 663.035 ms
GET /usuarios 304 - - 716.398 ms
POST /auth/login 200 470 - 345.358 ms
POST /auth/login 200 470 - 451.618 ms
GET /ropa 304 - - 840.248 ms
GET /usuarios 304 - - 1057.918 ms
GET /ropa 404 73 - 1.355 ms
GET /usuarios 404 73 - 0.741 ms
POST /auth/login 200 472 - 270.417 ms
POST /auth/login 200 472 - 351.403 ms
POST /auth/login 200 472 - 270.313 ms
POST /auth/login 200 472 - 355.802 ms
GET /ropa 200 1959 - 552.966 ms
GET /usuarios 200 717 - 706.229 ms
GET /ropa 304 - - 570.701 ms
GET /ropa 304 - - 575.993 ms
GET /ropa 404 73 - 1.617 ms
GET /usuarios 404 73 - 0.643 ms
POST /auth/login 200 472 - 274.719 ms
POST /auth/login 200 472 - 368.292 ms
POST /auth/login 200 472 - 267.226 ms
POST /auth/login 200 472 - 367.628 ms
GET /usuarios 200 717 - 720.124 ms
GET /ropa 200 1959 - 724.128 ms
POST /auth/login 400 87 - 280.886 ms
POST /auth/login 400 87 - 374.365 ms
GET /ropa 304 - - 758.847 ms
GET /usuarios 304 - - 759.808 ms
GET /ropa 304 - - 567.380 ms
GET /ropa 304 - - 663.415 ms
GET /ropa 404 73 - 0.762 ms
GET /usuarios 404 73 - 0.711 ms
POST /auth/login 400 87 - 269.078 ms
POST /auth/login 400 87 - 357.580 ms
GET /ropa 404 73 - 1.084 ms
GET /ropa 404 73 - 0.879 ms
GET /ropa 404 73 - 0.689 ms
GET /usuarios 404 73 - 0.936 ms
POST /auth/login 200 472 - 273.199 ms
POST /auth/login 200 472 - 379.275 ms
POST /auth/login 200 472 - 279.321 ms
POST /auth/login 200 472 - 365.907 ms
GET /ropa 200 1959 - 763.369 ms
GET /usuarios 200 717 - 762.526 ms
POST /auth/login 200 472 - 273.905 ms
POST /auth/login 200 472 - 372.894 ms
GET /usuarios 304 - - 654.513 ms
GET /ropa 304 - - 834.178 ms
GET /ropa 404 73 - 0.861 ms
GET /usuarios 404 73 - 0.665 ms
POST /auth/login 200 472 - 273.137 ms
POST /auth/login 200 472 - 364.548 ms
GET /ropa 404 73 - 0.838 ms
GET /ropa 404 73 - 1.137 ms
GET /ropa 404 73 - 0.695 ms
GET /usuarios 404 73 - 0.820 ms
POST /auth/login 200 472 - 266.730 ms
POST /auth/login 200 472 - 359.633 ms
GET /ropa 404 73 - 0.711 ms
GET /ropa 404 73 - 0.776 ms
GET /ropa 404 73 - 0.745 ms
GET /usuarios 404 73 - 1.016 ms
POST /auth/login 200 472 - 267.618 ms
POST /auth/login 200 472 - 368.082 ms
GET /ropa 404 73 - 0.763 ms
GET /ropa 404 73 - 1.359 ms
POST /auth/login 200 472 - 269.431 ms
POST /auth/login 200 472 - 379.633 ms
GET /usuarios 200 717 - 723.445 ms
GET /ropa 200 1959 - 728.907 ms
GET /ropa 304 - - 538.766 ms
GET /ropa 304 - - 545.274 ms
POST /auth/login 200 472 - 266.496 ms
POST /auth/login 200 472 - 360.870 ms
GET /ropa 304 - - 613.708 ms
GET /usuarios 304 - - 620.548 ms
GET /ropa 304 - - 735.546 ms
GET /ropa 304 - - 538.068 ms
POST /auth/login 200 472 - 326.034 ms
POST /auth/login 200 472 - 425.425 ms
GET /usuarios 304 - - 723.184 ms
GET /ropa 304 - - 732.247 ms
GET /ropa 304 - - 529.556 ms
GET /ropa 304 - - 524.875 ms
POST /auth/login 200 472 - 304.381 ms
POST /auth/login 200 472 - 401.116 ms
GET /ropa 304 - - 617.142 ms
GET /usuarios 304 - - 715.944 ms
GET /ropa 304 - - 585.936 ms
GET /ropa 304 - - 556.663 ms
POST /auth/login 200 472 - 267.505 ms
POST /auth/login 200 472 - 358.491 ms
GET /usuarios 304 - - 794.904 ms
GET /ropa 304 - - 798.943 ms
POST /auth/login 200 472 - 277.329 ms
POST /auth/login 200 472 - 388.951 ms
GET /ropa 304 - - 579.150 ms
GET /usuarios 304 - - 625.718 ms
GET /ropa 304 - - 531.446 ms
GET /ropa 304 - - 553.334 ms
POST /auth/login 200 472 - 298.175 ms
POST /auth/login 200 472 - 389.393 ms
GET /ropa 304 - - 605.267 ms
GET /usuarios 304 - - 758.314 ms
POST /auth/login 200 472 - 285.166 ms
POST /auth/login 200 472 - 374.722 ms
GET /ropa 304 - - 1093.554 ms
GET /usuarios 304 - - 1274.248 ms
POST /auth/login 200 472 - 300.339 ms
POST /auth/login 200 472 - 396.918 ms
GET /usuarios 304 - - 597.133 ms
GET /ropa 304 - - 780.662 ms
GET /ropa 304 - - 648.721 ms
GET /ropa 304 - - 649.756 ms
POST /auth/login 200 472 - 288.059 ms
POST /auth/login 200 472 - 388.427 ms
GET /usuarios 304 - - 689.899 ms
GET /ropa 304 - - 777.169 ms
GET /ropa 304 - - 527.328 ms
GET /ropa 304 - - 531.788 ms
POST /auth/login 200 472 - 302.387 ms
POST /auth/login 200 472 - 433.937 ms
GET /ropa 304 - - 647.820 ms
GET /usuarios 304 - - 772.115 ms
POST /auth/registro 500 174 - 607.853 ms
POST /auth/registro 500 174 - 333.596 ms
POST /auth/registro 200 210 - 324.920 ms
POST /auth/registro 500 175 - 326.849 ms
POST /auth/registro 200 211 - 274.813 ms
POST /auth/registro 200 182 - 323.075 ms
GET /ropa 401 96 - 7.826 ms
GET /usuarios 401 96 - 0.417 ms
POST /auth/login 200 472 - 340.161 ms
POST /auth/login 200 472 - 411.931 ms
GET /ropa 401 96 - 0.323 ms
GET /ropa 401 96 - 0.269 ms
GET /ropa 401 96 - 0.402 ms
GET /usuarios 401 96 - 0.343 ms
POST /auth/login 200 472 - 272.741 ms
POST /auth/login 200 472 - 371.213 ms
GET /ropa 401 96 - 0.268 ms
GET /ropa 401 96 - 0.724 ms
GET /ropa 401 96 - 0.280 ms
GET /usuarios 401 96 - 0.373 ms
POST /auth/login 200 472 - 269.252 ms
POST /auth/login 200 472 - 372.663 ms
GET /ropa 401 96 - 0.629 ms
GET /ropa 401 96 - 1.450 ms
POST /auth/login 200 472 - 267.659 ms
POST /auth/login 200 472 - 384.894 ms
GET /ropa 304 - - 747.214 ms
GET /usuarios 200 1170 - 794.198 ms
GET /ropa 304 - - 538.661 ms
GET /ropa 304 - - 528.989 ms
POST /auth/login 200 472 - 265.233 ms
POST /auth/login 200 472 - 356.138 ms
GET /ropa 304 - - 706.933 ms
GET /usuarios 304 - - 707.766 ms
GET /ropa 304 - - 531.837 ms
GET /ropa 304 - - 528.055 ms
POST /auth/login 200 472 - 267.995 ms
POST /auth/login 200 472 - 354.636 ms
GET /ropa 304 - - 540.921 ms
GET /usuarios 304 - - 540.646 ms
POST /auth/login 200 472 - 273.205 ms
POST /auth/login 200 472 - 367.544 ms
GET /ropa 304 - - 736.795 ms
GET /usuarios 304 - - 737.956 ms
POST /auth/login 200 472 - 264.386 ms
POST /auth/login 200 472 - 355.853 ms
GET /ropa 304 - - 711.591 ms
GET /usuarios 304 - - 712.872 ms
POST /auth/login 200 472 - 272.715 ms
POST /auth/login 200 472 - 367.416 ms
GET /ropa 304 - - 573.687 ms
GET /usuarios 304 - - 625.630 ms
POST /auth/login 200 472 - 265.311 ms
POST /auth/login 200 472 - 356.516 ms
GET /ropa 304 - - 717.678 ms
GET /usuarios 304 - - 714.656 ms
GET /ropa 304 - - 531.206 ms
GET /ropa 304 - - 524.393 ms
POST /auth/login 200 472 - 272.845 ms
POST /auth/login 200 472 - 384.318 ms
GET /usuarios 304 - - 734.434 ms
GET /ropa 304 - - 740.276 ms
POST /auth/login 200 472 - 360.477 ms
POST /auth/login 200 472 - 484.159 ms
GET /usuarios 304 - - 693.994 ms
GET /ropa 304 - - 703.046 ms
POST /auth/login 200 472 - 272.914 ms
POST /auth/login 200 472 - 373.000 ms
GET /ropa 304 - - 726.548 ms
GET /usuarios 304 - - 730.281 ms
POST /auth/login 200 472 - 274.937 ms
POST /auth/login 200 472 - 377.104 ms
GET /ropa 304 - - 576.613 ms
GET /usuarios 304 - - 579.471 ms
POST /auth/login 200 472 - 272.612 ms
POST /auth/login 200 472 - 379.317 ms
GET /ropa 304 - - 580.781 ms
GET /usuarios 304 - - 579.091 ms
GET /ropa 304 - - 529.838 ms
GET /ropa 304 - - 554.006 ms
POST /auth/login 200 472 - 270.831 ms
POST /auth/login 200 472 - 375.211 ms
GET /ropa 304 - - 728.760 ms
GET /usuarios 304 - - 730.819 ms
GET /ropa 304 - - 525.627 ms
POST /auth/login 200 472 - 274.508 ms
POST /auth/login 200 472 - 441.205 ms
GET /ropa 304 - - 623.002 ms
GET /usuarios 304 - - 636.774 ms
GET /ropa 304 - - 527.891 ms
GET /ropa 304 - - 534.490 ms
POST /auth/login 200 472 - 1152.116 ms
POST /auth/login 200 472 - 1239.201 ms
GET /ropa 304 - - 1571.917 ms
GET /usuarios 304 - - 1572.257 ms
POST /auth/login 200 472 - 267.751 ms
POST /auth/login 200 472 - 370.217 ms
GET /ropa 304 - - 716.481 ms
GET /usuarios 304 - - 716.353 ms
GET /ropa 304 - - 523.713 ms
GET /ropa 304 - - 524.262 ms
POST /auth/login 200 472 - 276.215 ms
POST /auth/login 200 472 - 363.144 ms
GET /ropa 304 - - 625.667 ms
GET /usuarios 304 - - 627.194 ms
GET /ropa 304 - - 533.161 ms
GET /ropa 304 - - 544.955 ms
POST /auth/login 200 472 - 265.519 ms
POST /auth/login 200 472 - 359.111 ms
GET /usuarios 304 - - 709.147 ms
GET /ropa 304 - - 715.888 ms
GET /ropa 304 - - 525.076 ms
GET /ropa 304 - - 532.623 ms
POST /auth/login 200 472 - 265.478 ms
POST /auth/login 200 472 - 371.594 ms
GET /ropa 304 - - 788.735 ms
GET /usuarios 304 - - 812.785 ms
GET /ropa 304 - - 525.861 ms
GET /ropa 304 - - 527.976 ms
POST /auth/login 200 472 - 282.417 ms
POST /auth/login 200 472 - 392.709 ms
GET /usuarios 304 - - 656.130 ms
GET /ropa 304 - - 660.231 ms
GET /ropa 304 - - 573.173 ms
GET /ropa 304 - - 630.913 ms
GET /ropa 200 1959 - 589.915 ms
POST /auth/login 200 472 - 278.377 ms
POST /auth/login 200 472 - 412.289 ms
GET /usuarios 304 - - 768.004 ms
GET /ropa 304 - - 777.000 ms
GET /ropa 304 - - 713.400 ms
GET /ropa 304 - - 612.866 ms
POST /auth/login 200 472 - 268.614 ms
POST /auth/login 200 472 - 366.428 ms
GET /ropa 304 - - 721.982 ms
GET /usuarios 304 - - 721.323 ms
POST /auth/login 200 472 - 270.435 ms
POST /auth/login 200 472 - 381.316 ms
GET /ropa 304 - - 679.847 ms
GET /usuarios 304 - - 682.333 ms
POST /auth/login 200 472 - 273.565 ms
POST /auth/login 200 472 - 403.633 ms
GET /ropa 304 - - 790.742 ms
GET /usuarios 304 - - 791.988 ms
GET /ropa 304 - - 538.977 ms
GET /ropa 304 - - 560.425 ms
POST /auth/login 200 472 - 296.355 ms
POST /auth/login 200 472 - 394.413 ms
GET /ropa 304 - - 832.404 ms
GET /usuarios 304 - - 871.808 ms
POST /auth/login 200 472 - 306.057 ms
POST /auth/login 200 472 - 434.765 ms
GET /ropa 304 - - 781.202 ms
GET /usuarios 304 - - 793.977 ms
POST /auth/login 200 472 - 286.623 ms
POST /auth/login 200 472 - 395.115 ms
GET /usuarios 304 - - 579.800 ms
GET /ropa 304 - - 600.212 ms
GET /ropa 304 - - 549.849 ms
GET /ropa 304 - - 536.750 ms
POST /auth/login 200 472 - 268.735 ms
POST /auth/login 200 472 - 365.198 ms
GET /ropa 304 - - 726.898 ms
GET /usuarios 304 - - 724.670 ms
GET /ropa 304 - - 531.535 ms
GET /ropa 304 - - 527.601 ms
POST /auth/login 200 472 - 311.716 ms
POST /auth/login 200 472 - 865.244 ms
GET /usuarios 304 - - 1354.198 ms
GET /ropa 304 - - 1352.535 ms
POST /auth/login 400 87 - 176.101 ms
POST /auth/login 400 87 - 185.428 ms
GET /ropa 304 - - 535.033 ms
GET /ropa 304 - - 531.175 ms
POST /auth/login 200 472 - 281.529 ms
POST /auth/login 200 472 - 383.862 ms
GET /ropa 304 - - 639.032 ms
GET /usuarios 304 - - 743.028 ms
POST /ropa 404 98 - 184.712 ms
POST /ropa 404 98 - 184.979 ms
GET /ropa 304 - - 534.492 ms
GET /ropa 304 - - 526.420 ms
POST /auth/login 200 472 - 273.898 ms
POST /auth/login 200 472 - 378.614 ms
GET /ropa 304 - - 735.510 ms
GET /usuarios 304 - - 736.579 ms
POST /ropa 404 98 - 182.155 ms
POST /ropa 404 98 - 183.464 ms
GET /ropa 304 - - 529.019 ms
GET /ropa 304 - - 527.907 ms
POST /ropa 200 404 - 389.743 ms
POST /auth/login 200 472 - 275.678 ms
POST /auth/login 200 472 - 371.841 ms
GET /ropa 200 2313 - 621.958 ms
GET /usuarios 304 - - 649.221 ms
POST /ropa 404 98 - 195.662 ms
POST /ropa 404 98 - 185.551 ms
GET /ropa 304 - - 542.263 ms
GET /ropa 304 - - 980.567 ms
POST /auth/login 200 472 - 273.560 ms
POST /auth/login 200 472 - 377.293 ms
GET /ropa 304 - - 585.166 ms
GET /usuarios 304 - - 645.014 ms
POST /ropa 404 98 - 179.740 ms
POST /ropa 404 98 - 179.804 ms
GET /ropa 304 - - 526.235 ms
GET /ropa 304 - - 536.421 ms
POST /auth/login 200 472 - 270.427 ms
POST /auth/login 200 472 - 430.807 ms
GET /ropa 304 - - 771.827 ms
GET /usuarios 304 - - 775.705 ms
POST /ropa 404 98 - 184.470 ms
POST /ropa 404 98 - 184.491 ms
GET /ropa 304 - - 527.289 ms
GET /ropa 304 - - 528.140 ms
POST /auth/login 400 87 - 188.898 ms
POST /auth/login 400 87 - 186.297 ms
GET /ropa 304 - - 529.814 ms
GET /usuarios 304 - - 550.772 ms
POST /ropa 404 98 - 178.362 ms
POST /ropa 404 98 - 191.194 ms
GET /ropa 304 - - 542.030 ms
GET /ropa 304 - - 526.629 ms
POST /auth/login 200 472 - 314.888 ms
POST /auth/login 200 472 - 630.403 ms
GET /ropa 304 - - 1193.857 ms
GET /usuarios 304 - - 1238.096 ms
POST /ropa 404 90 - 186.843 ms
POST /ropa 404 90 - 187.241 ms
GET /ropa 304 - - 532.766 ms
GET /ropa 304 - - 528.975 ms
POST /ropa 200 404 - 379.637 ms
POST /auth/login 200 472 - 263.302 ms
POST /auth/login 200 472 - 364.512 ms
GET /usuarios 304 - - 716.089 ms
GET /ropa 200 2667 - 722.510 ms
POST /ropa 200 404 - 373.149 ms
POST /ropa 200 404 - 375.152 ms
GET /ropa 200 3375 - 544.481 ms
GET /ropa 200 3376 - 526.737 ms
POST /auth/login 200 472 - 263.927 ms
POST /auth/login 200 472 - 361.318 ms
GET /usuarios 304 - - 710.245 ms
GET /ropa 200 3376 - 717.370 ms
GET /ropa 304 - - 723.250 ms
GET /ropa 304 - - 704.060 ms
POST /auth/login 200 472 - 274.041 ms
POST /auth/login 200 472 - 403.726 ms
GET /ropa 304 - - 631.987 ms
GET /usuarios 304 - - 646.519 ms
GET /ropa 304 - - 547.326 ms
GET /ropa 304 - - 547.490 ms
POST /auth/login 200 472 - 274.277 ms
POST /auth/login 200 472 - 375.385 ms
GET /ropa 304 - - 571.624 ms
GET /usuarios 304 - - 630.274 ms
GET /ropa 304 - - 529.502 ms
GET /ropa 304 - - 546.342 ms
POST /auth/login 200 472 - 268.754 ms
POST /auth/login 200 472 - 372.096 ms
GET /usuarios 304 - - 621.618 ms
GET /ropa 304 - - 622.521 ms
GET /ropa 304 - - 586.021 ms
GET /ropa 304 - - 532.296 ms
POST /auth/login 200 472 - 276.680 ms
POST /auth/login 200 472 - 406.420 ms
GET /ropa 304 - - 593.783 ms
GET /usuarios 304 - - 627.248 ms
POST /auth/login 200 472 - 271.729 ms
POST /auth/login 200 472 - 373.897 ms
GET /ropa 304 - - 575.571 ms
GET /usuarios 304 - - 574.920 ms
POST /auth/login 200 472 - 264.412 ms
POST /auth/login 200 472 - 363.770 ms
GET /ropa 304 - - 587.898 ms
GET /usuarios 304 - - 712.706 ms
GET /ropa 304 - - 547.470 ms
GET /ropa 304 - - 524.698 ms
POST /auth/login 200 472 - 274.707 ms
POST /auth/login 200 472 - 375.451 ms
GET /ropa 304 - - 576.396 ms
GET /usuarios 304 - - 579.149 ms
GET /ropa 304 - - 546.732 ms
GET /ropa 304 - - 526.423 ms
POST /ropa 200 404 - 406.311 ms
POST /ropa 200 404 - 425.165 ms
POST /auth/login 200 472 - 268.394 ms
POST /auth/login 200 472 - 358.814 ms
GET /usuarios 304 - - 543.337 ms
GET /ropa 200 4084 - 551.064 ms
GET /ropa 304 - - 529.682 ms
GET /ropa 304 - - 526.221 ms
POST /auth/login 200 472 - 273.073 ms
POST /auth/login 200 472 - 366.409 ms
GET /ropa 304 - - 566.255 ms
GET /usuarios 304 - - 566.441 ms
GET /ropa 304 - - 531.921 ms
GET /ropa 304 - - 529.217 ms
POST /auth/login 200 472 - 264.839 ms
POST /auth/login 200 472 - 350.808 ms
GET /ropa 304 - - 703.305 ms
GET /usuarios 304 - - 703.900 ms
GET /ropa 304 - - 535.350 ms
GET /ropa 304 - - 526.638 ms
POST /auth/login 200 472 - 266.854 ms
POST /auth/login 200 472 - 385.340 ms
GET /ropa 304 - - 587.364 ms
GET /usuarios 304 - - 630.307 ms
GET /ropa 304 - - 536.766 ms
GET /ropa 304 - - 529.399 ms
POST /auth/login 200 472 - 266.888 ms
POST /auth/login 200 472 - 370.530 ms
GET /usuarios 304 - - 621.508 ms
GET /ropa 304 - - 628.696 ms
GET /ropa 304 - - 528.158 ms
GET /ropa 304 - - 524.413 ms
POST /auth/login 200 472 - 273.310 ms
POST /auth/login 200 472 - 400.050 ms
GET /ropa 304 - - 761.699 ms
GET /usuarios 304 - - 761.768 ms
GET /ropa 304 - - 544.281 ms
GET /ropa 304 - - 524.568 ms
POST /ropa - - - - ms
POST /ropa - - - - ms
POST /auth/login 200 472 - 273.672 ms
POST /auth/login 200 472 - 415.517 ms
GET /ropa 304 - - 612.985 ms
GET /usuarios 304 - - 594.809 ms
GET /ropa 304 - - 527.014 ms
GET /ropa 304 - - 525.773 ms
POST /auth/login 200 472 - 269.995 ms
POST /auth/login 200 472 - 372.277 ms
GET /ropa 304 - - 583.500 ms
GET /usuarios 304 - - 582.146 ms
POST /auth/login 200 472 - 265.807 ms
POST /auth/login 200 472 - 361.328 ms
GET /ropa 304 - - 613.265 ms
GET /usuarios 304 - - 711.116 ms
POST /auth/login 200 472 - 269.668 ms
POST /auth/login 200 472 - 394.668 ms
GET /usuarios 304 - - 744.223 ms
GET /ropa 304 - - 753.243 ms
GET /ropa 304 - - 542.576 ms
GET /ropa 304 - - 546.281 ms
POST /auth/login 200 472 - 277.162 ms
POST /auth/login 200 472 - 379.291 ms
GET /usuarios 304 - - 736.618 ms
GET /ropa 304 - - 744.010 ms
GET /ropa 304 - - 531.660 ms
GET /ropa 304 - - 534.167 ms
POST /ropa 200 405 - 351.736 ms
POST /ropa 200 405 - 354.741 ms
POST /auth/login 200 472 - 267.551 ms
POST /auth/login 200 472 - 367.702 ms
GET /ropa 200 4794 - 722.094 ms
GET /usuarios 304 - - 724.478 ms
GET /ropa 304 - - 526.935 ms
GET /ropa 304 - - 526.548 ms
POST /ropa 200 408 - 387.382 ms
POST /ropa 200 408 - 404.000 ms
GET /ropa 200 5510 - 664.617 ms
GET /ropa 304 - - 571.760 ms
POST /auth/login 200 472 - 268.860 ms
POST /auth/login 200 472 - 366.740 ms
GET /ropa 304 - - 725.768 ms
GET /usuarios 304 - - 739.455 ms
GET /ropa 304 - - 562.017 ms
GET /ropa 304 - - 532.734 ms
POST /ropa 200 406 - 380.018 ms
POST /ropa 200 406 - 391.216 ms
POST /auth/login 200 472 - 265.881 ms
POST /auth/login 200 472 - 359.546 ms
GET /ropa 200 6222 - 709.948 ms
GET /usuarios 304 - - 710.289 ms
GET /ropa 304 - - 525.089 ms
GET /ropa 304 - - 528.976 ms
POST /auth/login 200 472 - 282.607 ms
POST /auth/login 200 472 - 405.242 ms
GET /usuarios 304 - - 612.290 ms
GET /ropa 304 - - 645.314 ms
GET /ropa 304 - - 587.836 ms
GET /ropa 304 - - 568.561 ms
POST /ropa 200 415 - 368.328 ms
POST /ropa 200 415 - 369.838 ms
POST /auth/login 200 472 - 267.737 ms
POST /auth/login 200 472 - 356.797 ms
GET /usuarios 304 - - 705.975 ms
GET /ropa 200 6952 - 722.303 ms
GET /ropa 304 - - 539.871 ms
GET /ropa 304 - - 541.076 ms
POST /auth/login 200 472 - 275.241 ms
POST /auth/login 200 472 - 370.918 ms
GET /ropa 304 - - 564.987 ms
GET /usuarios 304 - - 633.112 ms
GET /ropa 304 - - 528.154 ms
GET /ropa 304 - - 534.189 ms
POST /ropa 200 413 - 356.978 ms
POST /auth/login 200 472 - 260.500 ms
POST /auth/login 200 472 - 345.657 ms
GET /ropa 200 7315 - 534.455 ms
GET /usuarios 304 - - 609.599 ms
GET /ropa 304 - - 523.329 ms
GET /ropa 304 - - 541.821 ms
POST /auth/login 200 472 - 261.784 ms
POST /auth/login 200 472 - 360.355 ms
GET /usuarios 304 - - 707.015 ms
GET /ropa 304 - - 714.553 ms
GET /ropa 304 - - 531.335 ms
GET /ropa 304 - - 529.768 ms
POST /auth/login 200 472 - 271.925 ms
POST /auth/login 200 472 - 363.021 ms
GET /usuarios 304 - - 623.371 ms
GET /ropa 304 - - 631.403 ms
GET /ropa 304 - - 1489.681 ms
GET /ropa 304 - - 531.861 ms
POST /ropa 200 405 - 355.086 ms
POST /ropa 200 405 - 358.505 ms
POST /auth/login 200 472 - 265.585 ms
POST /auth/login 200 472 - 360.844 ms
GET /ropa 200 8025 - 566.482 ms
GET /usuarios 304 - - 567.118 ms
GET /ropa 304 - - 526.650 ms
GET /ropa 304 - - 530.103 ms
POST /auth/login 200 472 - 271.117 ms
POST /auth/login 200 472 - 388.256 ms
GET /ropa 304 - - 740.429 ms
GET /usuarios 304 - - 740.496 ms
GET /ropa 304 - - 533.417 ms
GET /ropa 304 - - 552.045 ms
POST /ropa 200 407 - 353.169 ms
POST /auth/login 200 472 - 271.343 ms
POST /auth/login 200 472 - 377.116 ms
GET /ropa 200 8382 - 579.660 ms
GET /usuarios 304 - - 616.946 ms
GET /ropa 304 - - 545.158 ms
GET /ropa 304 - - 528.069 ms
POST /auth/login 200 472 - 264.541 ms
POST /auth/login 200 472 - 361.190 ms
GET /usuarios 304 - - 685.920 ms
GET /ropa 304 - - 692.987 ms
GET /ropa 304 - - 532.263 ms
GET /ropa 304 - - 541.078 ms
POST /ropa 200 406 - 359.163 ms
POST /auth/login 200 472 - 274.508 ms
POST /auth/login 200 472 - 371.466 ms
GET /ropa 200 8738 - 641.604 ms
GET /usuarios 304 - - 654.344 ms
GET /ropa 304 - - 532.731 ms
GET /ropa 304 - - 537.148 ms
POST /auth/login 200 472 - 272.993 ms
POST /auth/login 200 472 - 369.484 ms
POST /ropa 200 409 - 395.454 ms
GET /usuarios 304 - - 717.681 ms
GET /ropa 200 9097 - 724.583 ms
GET /ropa 200 9097 - 529.419 ms
GET /ropa 304 - - 533.466 ms
POST /auth/login 200 472 - 265.880 ms
POST /auth/login 200 472 - 360.038 ms
GET /ropa 304 - - 712.294 ms
GET /usuarios 304 - - 710.639 ms
POST /auth/login 200 472 - 263.417 ms
POST /auth/login 200 472 - 360.884 ms
GET /usuarios 304 - - 561.968 ms
GET /ropa 304 - - 569.180 ms
GET /ropa 304 - - 533.346 ms
GET /ropa 304 - - 548.627 ms
POST /auth/login 200 472 - 266.455 ms
POST /auth/login 200 472 - 372.386 ms
POST /ropa 200 410 - 397.082 ms
GET /usuarios 304 - - 710.564 ms
GET /ropa 200 9457 - 724.140 ms
GET /ropa 200 9457 - 540.300 ms
GET /ropa 304 - - 548.849 ms
POST /auth/login 200 472 - 273.156 ms
POST /auth/login 200 472 - 396.961 ms
GET /ropa 304 - - 591.464 ms
GET /usuarios 304 - - 592.296 ms
GET /ropa 304 - - 548.975 ms
GET /ropa 304 - - 539.377 ms
POST /auth/login 200 472 - 275.110 ms
POST /auth/login 200 472 - 382.230 ms
GET /ropa 304 - - 581.311 ms
GET /usuarios 304 - - 619.433 ms
GET /ropa 304 - - 559.967 ms
GET /ropa 304 - - 540.501 ms
POST /auth/login 200 472 - 277.392 ms
POST /auth/login 200 472 - 379.506 ms
POST /ropa 200 6414 - 446.931 ms
GET /usuarios 304 - - 585.975 ms
GET /ropa 200 15821 - 791.082 ms
GET /ropa 200 15821 - 729.929 ms
GET /ropa 304 - - 728.489 ms
POST /auth/registro 500 147 - 505.080 ms
POST /auth/registro 500 172 - 316.501 ms
POST /auth/registro 200 210 - 322.788 ms
GET /ropa 404 73 - 0.950 ms
GET /usuarios 404 73 - 0.884 ms
POST /auth/login 200 419 - 280.196 ms
POST /auth/login 200 419 - 363.833 ms
GET /ropa 404 73 - 1.030 ms
GET /ropa 404 73 - 0.698 ms
GET /usuarios 403 78 - 347.086 ms
POST /auth/login 200 419 - 411.229 ms
POST /auth/login 200 419 - 554.531 ms
GET /ropa 200 15821 - 971.594 ms
GET /ropa 304 - - 714.031 ms
GET /ropa 304 - - 815.919 ms
POST /auth/login 200 419 - 264.284 ms
POST /auth/login 200 419 - 357.719 ms
GET /usuarios 403 78 - 336.584 ms
GET /ropa 304 - - 872.390 ms
GET /ropa 304 - - 711.831 ms
GET /ropa 304 - - 705.755 ms
POST /auth/registro 200 199 - 294.481 ms
POST /auth/login 200 408 - 299.033 ms
POST /auth/login 200 408 - 390.712 ms
GET /usuarios 403 78 - 386.114 ms
GET /ropa 304 - - 1194.019 ms
GET /ropa 304 - - 955.872 ms
GET /ropa 304 - - 755.332 ms
POST /auth/login 200 408 - 279.129 ms
POST /auth/login 200 408 - 429.430 ms
GET /usuarios 403 78 - 439.151 ms
GET /ropa 304 - - 970.248 ms
GET /ropa 304 - - 716.433 ms
GET /ropa 304 - - 697.135 ms
POST /auth/login 200 408 - 277.087 ms
GET /usuarios 403 78 - 279.541 ms
POST /auth/login 200 408 - 368.546 ms
GET /ropa 304 - - 808.968 ms
GET /ropa 304 - - 724.464 ms
GET /ropa 304 - - 746.287 ms
POST /auth/registro 500 164 - 362.384 ms
POST /auth/login 200 408 - 263.683 ms
POST /auth/login 200 408 - 360.138 ms
GET /usuarios 403 78 - 351.332 ms
GET /ropa 304 - - 882.007 ms
GET /ropa 304 - - 812.471 ms
GET /ropa 304 - - 780.780 ms
POST /auth/registro 200 220 - 337.972 ms
GET /usuarios 404 73 - 0.691 ms
GET /ropa 404 73 - 1.172 ms
POST /auth/login 200 429 - 271.298 ms
POST /auth/login 200 429 - 368.804 ms
GET /ropa 404 73 - 0.681 ms
GET /ropa 404 73 - 1.470 ms
GET /ropa 404 73 - 1.817 ms
GET /usuarios 404 73 - 1.480 ms
POST /auth/login 200 429 - 265.760 ms
POST /auth/login 200 429 - 364.048 ms
GET /ropa 404 73 - 2.775 ms
GET /ropa 404 73 - 1.125 ms
GET /ropa 404 73 - 1.119 ms
GET /usuarios 404 73 - 0.788 ms
POST /auth/login 200 429 - 407.292 ms
POST /auth/login 200 429 - 509.550 ms
GET /ropa 404 73 - 0.671 ms
GET /ropa 404 73 - 0.864 ms
POST /auth/login 200 429 - 268.922 ms
GET /usuarios 403 78 - 276.505 ms
POST /auth/login 200 429 - 391.415 ms
GET /ropa 200 15821 - 1142.578 ms
GET /ropa 304 - - 712.110 ms
GET /ropa 304 - - 707.077 ms
GET /usuarios 403 78 - 175.541 ms
POST /auth/login 200 429 - 261.904 ms
POST /auth/login 200 429 - 349.269 ms
GET /ropa 304 - - 763.174 ms
GET /usuarios 403 78 - 175.162 ms
POST /auth/login 200 429 - 279.483 ms
POST /auth/login 200 429 - 384.883 ms
GET /ropa 304 - - 774.106 ms
POST /auth/login 200 429 - 285.313 ms
POST /auth/login 200 429 - 428.410 ms
GET /usuarios 403 78 - 429.364 ms
GET /ropa 304 - - 977.833 ms
GET /usuarios 403 78 - 177.435 ms
POST /auth/login 200 429 - 284.329 ms
POST /auth/login 200 429 - 418.898 ms
GET /ropa 304 - - 825.331 ms
POST /auth/registro 200 220 - 385.971 ms
POST /auth/login 200 429 - 288.151 ms
GET /usuarios 404 88 - 286.000 ms
POST /auth/login 200 429 - 397.420 ms
GET /ropa 404 88 - 405.443 ms
GET /ropa 404 88 - 175.682 ms
GET /ropa 404 88 - 176.298 ms
GET /ropa 404 88 - 178.055 ms
POST /auth/login 200 429 - 272.684 ms
GET /usuarios 404 88 - 274.638 ms
POST /auth/login 200 429 - 384.590 ms
GET /ropa 404 88 - 402.119 ms
GET /ropa 404 88 - 274.837 ms
GET /usuarios 403 78 - 240.879 ms
POST /auth/login 200 429 - 351.124 ms
POST /auth/login 200 429 - 485.234 ms
GET /ropa 200 15821 - 888.667 ms
GET /ropa 304 - - 692.183 ms
GET /ropa 304 - - 710.213 ms
GET /usuarios 403 78 - 177.342 ms
POST /auth/login 200 429 - 267.785 ms
POST /auth/login 200 429 - 360.553 ms
GET /ropa 304 - - 730.281 ms
GET /ropa 304 - - 716.453 ms
GET /ropa 304 - - 705.166 ms
POST /auth/login 200 429 - 270.862 ms
GET /usuarios 403 78 - 275.313 ms
POST /auth/login 200 429 - 411.947 ms
GET /ropa 304 - - 793.323 ms
GET /ropa 304 - - 789.281 ms
GET /ropa 304 - - 759.546 ms
POST /auth/login 200 429 - 312.762 ms
POST /auth/login 200 429 - 424.515 ms
GET /usuarios 403 78 - 436.558 ms
GET /ropa 304 - - 806.783 ms
GET /ropa 304 - - 785.233 ms
GET /ropa 304 - - 717.610 ms
GET /usuarios 403 78 - 182.591 ms
POST /auth/login 200 429 - 273.257 ms
POST /auth/login 200 429 - 411.485 ms
GET /ropa 304 - - 882.164 ms
GET /ropa 304 - - 721.056 ms
GET /ropa 304 - - 709.600 ms
GET /usuarios 403 78 - 173.867 ms
POST /auth/login 200 429 - 271.155 ms
POST /auth/login 200 429 - 415.122 ms
GET /ropa 304 - - 801.637 ms
GET /ropa 304 - - 733.940 ms
GET /ropa 304 - - 854.569 ms
POST /auth/login 200 429 - 282.464 ms
POST /auth/login 200 429 - 379.524 ms
GET /usuarios 403 78 - 385.855 ms
GET /ropa 304 - - 764.122 ms
GET /ropa 304 - - 709.808 ms
GET /ropa 304 - - 704.016 ms
GET /usuarios 403 78 - 1127.542 ms
POST /auth/login 200 429 - 1225.434 ms
POST /auth/login 200 429 - 1342.334 ms
GET /ropa 304 - - 1846.128 ms
GET /ropa 304 - - 714.504 ms
GET /ropa 304 - - 777.772 ms
POST /auth/login 200 429 - 272.648 ms
GET /usuarios 403 78 - 273.307 ms
POST /auth/login 200 429 - 374.162 ms
GET /ropa 304 - - 863.421 ms
GET /ropa 304 - - 757.494 ms
GET /ropa 304 - - 726.130 ms
POST /auth/login 200 429 - 265.819 ms
GET /usuarios 403 78 - 265.723 ms
POST /auth/login 200 429 - 380.021 ms
GET /ropa 304 - - 767.507 ms
GET /ropa 304 - - 720.621 ms
GET /ropa 304 - - 722.672 ms
GET /usuarios 403 78 - 174.371 ms
POST /auth/login 200 429 - 279.656 ms
POST /auth/login 200 429 - 406.245 ms
GET /ropa 304 - - 771.437 ms
GET /ropa 304 - - 829.354 ms
GET /ropa 304 - - 731.220 ms
POST /auth/login 200 429 - 268.326 ms
POST /auth/login 200 429 - 362.881 ms
GET /usuarios 403 78 - 365.826 ms
GET /ropa 304 - - 893.749 ms
GET /ropa 304 - - 712.911 ms
GET /ropa 304 - - 712.479 ms
POST /auth/login 200 429 - 269.183 ms
POST /auth/login 200 429 - 370.873 ms
GET /usuarios 403 78 - 368.291 ms
GET /ropa 304 - - 903.338 ms
GET /ropa 304 - - 784.332 ms
GET /ropa 304 - - 759.618 ms
POST /auth/login 200 429 - 269.877 ms
POST /auth/login 200 429 - 391.438 ms
GET /usuarios 403 78 - 392.744 ms
GET /ropa 304 - - 950.624 ms
GET /ropa 304 - - 721.326 ms
GET /ropa 304 - - 847.871 ms
POST /auth/login 200 429 - 278.978 ms
POST /auth/login 200 429 - 385.572 ms
GET /usuarios 403 78 - 362.574 ms
GET /ropa 304 - - 896.895 ms
GET /ropa 304 - - 810.439 ms
GET /ropa 304 - - 1203.894 ms
POST /auth/login 200 429 - 273.458 ms
GET /usuarios 403 78 - 270.278 ms
POST /auth/login 200 429 - 397.291 ms
GET /ropa 304 - - 782.342 ms
GET /ropa 304 - - 721.899 ms
GET /ropa 304 - - 736.968 ms
POST /auth/login 200 429 - 272.528 ms
POST /auth/login 200 429 - 373.263 ms
GET /usuarios 403 78 - 370.854 ms
GET /ropa 304 - - 904.947 ms
GET /ropa 304 - - 1326.353 ms
GET /ropa 304 - - 774.281 ms
POST /auth/login 200 429 - 280.598 ms
POST /auth/login 200 429 - 413.905 ms
GET /usuarios 403 78 - 416.049 ms
GET /ropa 304 - - 947.018 ms
GET /ropa 304 - - 709.472 ms
GET /ropa 304 - - 719.912 ms
POST /auth/login 200 429 - 296.824 ms
POST /auth/login 200 429 - 423.195 ms
GET /usuarios 403 78 - 410.304 ms
GET /ropa 304 - - 946.984 ms
GET /ropa 304 - - 969.054 ms
GET /ropa 304 - - 744.833 ms
GET /usuarios 403 78 - 191.933 ms
POST /auth/login 200 429 - 281.166 ms
POST /auth/login 200 429 - 391.733 ms
GET /ropa 304 - - 769.514 ms
GET /ropa 304 - - 822.590 ms
GET /ropa 304 - - 745.578 ms
POST /auth/login 200 429 - 269.194 ms
POST /auth/login 200 429 - 375.801 ms
GET /usuarios 403 78 - 371.619 ms
GET /ropa 304 - - 901.259 ms
GET /ropa 304 - - 737.113 ms
GET /ropa 304 - - 707.416 ms
GET /usuarios 403 78 - 187.094 ms
POST /auth/login 200 429 - 283.570 ms
POST /auth/login 200 429 - 391.768 ms
GET /ropa 304 - - 778.125 ms
GET /ropa 304 - - 720.367 ms
GET /ropa 304 - - 703.535 ms
POST /auth/login 200 429 - 276.734 ms
GET /usuarios 403 78 - 265.215 ms
POST /auth/login 200 429 - 401.629 ms
GET /ropa 304 - - 936.183 ms
GET /ropa 304 - - 711.093 ms
GET /ropa 304 - - 729.195 ms
POST /auth/login 200 429 - 308.839 ms
GET /usuarios 403 78 - 310.488 ms
POST /auth/login 200 429 - 451.169 ms
GET /ropa 304 - - 825.211 ms
GET /ropa 304 - - 703.310 ms
GET /ropa 304 - - 706.093 ms
POST /auth/login 200 429 - 283.354 ms
GET /usuarios 403 78 - 283.573 ms
POST /auth/login 200 429 - 419.178 ms
GET /ropa 304 - - 809.618 ms
GET /ropa 304 - - 811.114 ms
GET /ropa 304 - - 715.458 ms
GET /usuarios 403 78 - 179.147 ms
POST /auth/login 200 429 - 268.447 ms
POST /auth/login 200 429 - 388.367 ms
GET /ropa 304 - - 898.049 ms
GET /ropa 304 - - 707.731 ms
GET /ropa 304 - - 731.960 ms
POST /auth/login 200 429 - 271.532 ms
POST /auth/login 200 429 - 400.982 ms
GET /usuarios 403 78 - 395.823 ms
GET /ropa 304 - - 953.902 ms
GET /ropa 304 - - 700.883 ms
GET /ropa 304 - - 742.782 ms
POST /auth/login 200 429 - 272.225 ms
POST /auth/login 200 429 - 397.856 ms
GET /usuarios 403 78 - 400.910 ms
GET /ropa 304 - - 807.363 ms
GET /ropa 304 - - 728.111 ms
GET /ropa 304 - - 696.060 ms
POST /auth/login 200 429 - 277.852 ms
POST /auth/login 200 429 - 381.580 ms
GET /usuarios 403 78 - 372.472 ms
GET /ropa 304 - - 1140.266 ms
GET /ropa 304 - - 1234.241 ms
GET /ropa 304 - - 732.660 ms
GET /usuarios 403 78 - 174.472 ms
POST /auth/login 200 429 - 279.484 ms
POST /auth/login 200 429 - 398.139 ms
GET /ropa 304 - - 772.450 ms
GET /ropa 304 - - 713.579 ms
GET /ropa 304 - - 737.320 ms
GET /usuarios 403 78 - 175.142 ms
POST /auth/login 200 429 - 274.795 ms
POST /auth/login 200 429 - 380.796 ms
GET /ropa 304 - - 759.983 ms
GET /ropa 304 - - 1000.331 ms
GET /ropa 304 - - 729.317 ms
POST /auth/login 200 429 - 266.099 ms
POST /auth/login 200 429 - 385.513 ms
GET /usuarios 403 78 - 380.678 ms
GET /ropa 304 - - 914.039 ms
GET /ropa 304 - - 747.995 ms
GET /ropa 304 - - 715.323 ms
GET /usuarios 403 78 - 173.290 ms
POST /auth/login 200 429 - 270.039 ms
POST /auth/login 200 429 - 375.958 ms
GET /ropa 304 - - 762.309 ms
GET /ropa 304 - - 794.122 ms
GET /ropa 304 - - 701.786 ms
POST /auth/login 200 429 - 264.453 ms
POST /auth/login 200 429 - 373.094 ms
GET /usuarios 403 78 - 371.984 ms
GET /ropa 304 - - 908.733 ms
GET /ropa 304 - - 734.972 ms
GET /ropa 304 - - 743.462 ms
POST /auth/login 200 429 - 270.841 ms
POST /auth/login 200 429 - 389.496 ms
GET /usuarios 403 78 - 388.536 ms
GET /ropa 304 - - 916.594 ms
GET /ropa 304 - - 710.109 ms
GET /ropa 304 - - 701.533 ms
GET /usuarios 403 78 - 180.779 ms
POST /auth/login 200 429 - 279.051 ms
POST /auth/login 200 429 - 376.577 ms
GET /ropa 304 - - 754.884 ms
GET /ropa 304 - - 722.414 ms
GET /ropa 304 - - 717.554 ms
POST /auth/login 200 429 - 321.602 ms
GET /usuarios 403 78 - 320.698 ms
POST /auth/login 200 429 - 443.210 ms
GET /ropa 304 - - 865.336 ms
GET /ropa 304 - - 721.022 ms
GET /ropa 304 - - 706.287 ms
POST /ropa 403 78 - 175.226 ms
POST /auth/login 200 429 - 272.068 ms
POST /auth/login 200 429 - 400.885 ms
GET /usuarios 403 78 - 404.245 ms
GET /ropa 304 - - 940.441 ms
GET /ropa 304 - - 706.467 ms
GET /ropa 304 - - 709.560 ms
POST /ropa 403 78 - 175.100 ms
GET /usuarios 403 78 - 177.728 ms
POST /auth/login 200 429 - 269.002 ms
POST /auth/login 200 429 - 375.846 ms
GET /ropa 304 - - 751.401 ms
GET /ropa 304 - - 1260.644 ms
GET /ropa 304 - - 1565.415 ms
POST /auth/login 200 429 - 269.788 ms
GET /usuarios 403 78 - 272.546 ms
POST /auth/login 200 429 - 374.255 ms
GET /ropa 304 - - 978.513 ms
GET /ropa 304 - - 716.214 ms
GET /ropa 304 - - 722.089 ms
POST /ropa 403 78 - 173.450 ms
POST /auth/login 200 429 - 270.183 ms
POST /auth/login 200 429 - 404.553 ms
GET /usuarios 403 78 - 404.164 ms
GET /ropa 304 - - 939.666 ms
GET /ropa 304 - - 710.869 ms
GET /ropa 304 - - 705.680 ms
POST /auth/login 200 429 - 267.484 ms
POST /auth/login 200 429 - 363.239 ms
GET /usuarios 403 78 - 361.947 ms
GET /ropa 304 - - 887.592 ms
GET /ropa 304 - - 1010.305 ms
GET /ropa 304 - - 1092.763 ms
POST /ropa 403 78 - 284.235 ms
POST /auth/login 200 429 - 375.851 ms
POST /auth/login 200 429 - 480.615 ms
GET /usuarios 403 78 - 472.865 ms
GET /ropa 304 - - 998.993 ms
POST /auth/registro 200 219 - 442.102 ms
GET /ropa 404 73 - 1.271 ms
GET /usuarios 404 73 - 0.857 ms
POST /auth/login 200 428 - 283.980 ms
POST /auth/login 200 428 - 382.156 ms
GET /ropa 404 73 - 0.850 ms
GET /ropa 404 73 - 0.722 ms
POST /auth/login 200 428 - 267.310 ms
POST /auth/login 200 428 - 369.341 ms
GET /usuarios 403 78 - 364.016 ms
GET /ropa 200 15821 - 921.971 ms
GET /ropa 304 - - 750.557 ms
GET /ropa 304 - - 887.724 ms
POST /ropa 403 78 - 174.083 ms
POST /auth/login 200 428 - 270.950 ms
POST /auth/login 200 428 - 377.862 ms
GET /usuarios 403 78 - 375.465 ms
GET /ropa 304 - - 1127.769 ms
GET /ropa 304 - - 728.490 ms
GET /ropa 304 - - 751.734 ms
POST /ropa 404 88 - 419.178 ms
POST /ropa 403 78 - 175.411 ms
GET /usuarios 403 78 - 355.636 ms
POST /auth/login 200 428 - 693.754 ms
POST /auth/login 200 428 - 848.848 ms
GET /ropa 304 - - 1478.049 ms
GET /ropa 304 - - 736.795 ms
GET /ropa 304 - - 712.670 ms
POST /ropa 403 78 - 195.155 ms
POST /auth/login 200 428 - 298.197 ms
POST /auth/login 200 428 - 415.430 ms
GET /usuarios 403 78 - 413.912 ms
GET /ropa 304 - - 1353.337 ms
GET /ropa 304 - - 717.922 ms
GET /ropa 304 - - 733.575 ms
POST /ropa 403 78 - 181.740 ms
POST /auth/registro 200 219 - 322.040 ms
GET /ropa 404 73 - 1.650 ms
GET /usuarios 404 73 - 1.362 ms
POST /auth/login 200 428 - 853.977 ms
POST /auth/login 200 428 - 939.585 ms
GET /ropa 404 73 - 0.716 ms
GET /ropa 404 73 - 0.969 ms
POST /auth/login 200 428 - 276.351 ms
GET /usuarios 403 78 - 296.599 ms
POST /auth/login 200 428 - 403.116 ms
GET /ropa 200 15821 - 850.956 ms
GET /ropa 304 - - 937.852 ms
GET /ropa 304 - - 2312.273 ms
POST /auth/registro 200 182 - 268.940 ms
POST /auth/registro 500 161 - 285.485 ms
POST /auth/registro 500 167 - 105.279 ms
POST /auth/registro 200 242 - 288.797 ms
POST /auth/registro 200 219 - 278.698 ms
GET /ropa 404 73 - 0.742 ms
GET /usuarios 404 73 - 0.674 ms
POST /auth/login 200 428 - 319.925 ms
POST /auth/login 200 428 - 423.135 ms
GET /ropa 404 73 - 0.763 ms
GET /ropa 404 73 - 0.678 ms
GET /ropa 404 73 - 0.661 ms
GET /usuarios 404 73 - 0.517 ms
POST /auth/login 200 428 - 263.626 ms
POST /auth/login 200 428 - 355.389 ms
GET /ropa 404 73 - 1.090 ms
GET /ropa 404 73 - 2.018 ms
POST /auth/login 200 428 - 284.771 ms
POST /auth/login 200 428 - 409.354 ms
GET /usuarios 403 78 - 418.953 ms
GET /ropa 200 15821 - 793.982 ms
GET /ropa 304 - - 835.880 ms
GET /ropa 304 - - 723.532 ms
POST /ropa 403 78 - 176.537 ms
POST /auth/login 200 428 - 267.306 ms
POST /auth/login 200 428 - 363.863 ms
GET /usuarios 403 78 - 365.015 ms
GET /ropa 304 - - 892.927 ms
GET /ropa 304 - - 705.689 ms
GET /ropa 304 - - 703.508 ms
POST /auth/login 200 451 - 278.659 ms
GET /usuarios 403 78 - 276.744 ms
POST /auth/login 200 451 - 369.829 ms
GET /ropa 304 - - 1059.888 ms
GET /ropa 304 - - 725.708 ms
GET /ropa 304 - - 700.453 ms
POST /ropa 403 78 - 186.222 ms
POST /auth/login 200 451 - 279.634 ms
POST /auth/login 200 451 - 386.861 ms
GET /usuarios 403 78 - 379.587 ms
GET /ropa 304 - - 829.166 ms
GET /ropa 304 - - 701.030 ms
GET /ropa 304 - - 706.417 ms
POST /auth/login 200 451 - 267.892 ms
GET /usuarios 403 78 - 188.370 ms
POST /auth/login 200 451 - 281.798 ms
POST /auth/login 200 451 - 403.563 ms
GET /ropa 304 - - 786.023 ms
GET /ropa 304 - - 713.550 ms
GET /ropa 304 - - 721.592 ms
POST /ropa 403 78 - 666.644 ms
POST /auth/login 200 451 - 746.417 ms
POST /auth/login 200 451 - 856.843 ms
GET /usuarios 403 78 - 854.371 ms
GET /ropa 304 - - 1536.400 ms
GET /ropa 304 - - 720.508 ms
GET /ropa 304 - - 725.882 ms
POST /ropa 404 88 - 182.546 ms
POST /ropa 404 88 - 182.713 ms
POST /ropa 200 404 - 369.438 ms
POST /ropa 200 404 - 372.881 ms
POST /auth/login 200 451 - 343.734 ms
POST /auth/login 200 451 - 443.324 ms
GET /usuarios 200 602 - 727.927 ms
GET /ropa 200 16529 - 835.710 ms
GET /ropa 304 - - 735.323 ms
GET /ropa 304 - - 740.687 ms
POST /auth/login 200 451 - 268.177 ms
POST /auth/login 200 451 - 369.096 ms
POST /ropa 200 378 - 408.992 ms
GET /usuarios 304 - - 714.120 ms
GET /ropa 200 16857 - 812.821 ms
GET /ropa 200 16857 - 709.360 ms
GET /ropa 304 - - 719.498 ms
POST /auth/registro 500 153 - 298.227 ms
GET /ropa 404 73 - 1.028 ms
GET /usuarios 404 73 - 3.170 ms
POST /auth/registro 500 153 - 280.770 ms
GET /ropa 404 73 - 0.882 ms
GET /ropa 404 73 - 0.929 ms
GET /ropa 404 73 - 1.037 ms
GET /usuarios 404 73 - 1.629 ms
POST /auth/registro 500 153 - 292.213 ms
GET /ropa 404 73 - 1.908 ms
GET /ropa 404 73 - 0.756 ms
GET /ropa 404 73 - 1.246 ms
GET /usuarios 404 73 - 1.398 ms
POST /auth/registro 500 153 - 281.426 ms
GET /ropa 404 73 - 0.917 ms
GET /ropa 404 73 - 0.882 ms
GET /ropa 404 73 - 11.802 ms
GET /usuarios 404 73 - 4.976 ms
POST /auth/registro 500 153 - 300.726 ms
GET /ropa 404 73 - 0.763 ms
GET /ropa 404 73 - 2.757 ms
GET /ropa 404 73 - 1.046 ms
GET /usuarios 404 73 - 0.910 ms
POST /auth/registro 500 153 - 291.741 ms
GET /ropa 404 73 - 1.785 ms
GET /ropa 404 73 - 0.824 ms
GET /ropa 404 73 - 0.960 ms
GET /usuarios 404 73 - 0.836 ms
POST /auth/login 200 451 - 273.947 ms
POST /auth/login 200 451 - 369.288 ms
GET /ropa 404 73 - 0.784 ms
GET /ropa 404 73 - 0.903 ms
GET /ropa 404 73 - 0.714 ms
GET /usuarios 404 73 - 0.913 ms
POST /auth/login 200 451 - 332.190 ms
POST /auth/login 200 451 - 442.251 ms
GET /ropa 404 73 - 0.882 ms
GET /ropa 404 73 - 1.823 ms
POST /auth/login 200 451 - 266.363 ms
POST /auth/login 200 451 - 356.477 ms
GET /usuarios 200 602 - 548.717 ms
GET /ropa 200 16857 - 728.775 ms
GET /ropa 304 - - 766.953 ms
GET /ropa 304 - - 715.318 ms
POST /auth/login 200 451 - 266.699 ms
POST /auth/login 200 451 - 371.004 ms
POST /ropa 200 253 - 401.512 ms
GET /usuarios 304 - - 723.961 ms
GET /ropa 200 17060 - 746.024 ms
GET /ropa 200 17060 - 706.502 ms
GET /ropa 304 - - 707.066 ms
POST /auth/registro 500 167 - 104.976 ms
POST /auth/login 400 87 - 175.411 ms
POST /auth/login 400 87 - 179.732 ms
GET /usuarios 304 - - 531.456 ms
GET /ropa 304 - - 711.569 ms
GET /ropa 304 - - 704.707 ms
GET /ropa 304 - - 727.910 ms
POST /auth/login 400 87 - 173.642 ms
POST /auth/login 400 87 - 190.429 ms
POST /ropa 200 255 - 355.909 ms
GET /usuarios 304 - - 550.927 ms
GET /ropa 200 17265 - 727.356 ms
GET /ropa 200 17265 - 707.274 ms
GET /ropa 304 - - 715.269 ms
POST /auth/registro 500 153 - 267.606 ms
POST /auth/registro 200 243 - 273.160 ms
POST /auth/registro 200 228 - 276.567 ms
POST /auth/login 200 437 - 336.027 ms
POST /auth/login 200 437 - 467.159 ms
GET /usuarios 200 973 - 867.007 ms
GET /ropa 304 - - 1056.426 ms
GET /ropa 304 - - 704.697 ms
GET /ropa 304 - - 715.747 ms
POST /auth/login 200 437 - 332.947 ms
POST /auth/login 200 437 - 481.220 ms
POST /ropa 200 249 - 555.068 ms
GET /usuarios 304 - - 842.929 ms
GET /ropa 200 17464 - 1013.014 ms
GET /ropa 200 17464 - 721.370 ms
GET /ropa 304 - - 723.015 ms
POST /auth/registro 200 214 - 273.298 ms
POST /auth/login 200 423 - 270.339 ms
POST /auth/login 200 423 - 362.984 ms
GET /ropa 304 - - 739.389 ms
GET /usuarios 200 1137 - 716.587 ms
GET /ropa 304 - - 700.213 ms
GET /ropa 304 - - 702.709 ms
POST /auth/login 200 423 - 267.184 ms
POST /auth/login 200 423 - 364.495 ms
POST /ropa 200 258 - 405.059 ms
GET /usuarios 304 - - 766.448 ms
GET /ropa 200 17672 - 948.333 ms
GET /ropa 200 17672 - 705.647 ms
GET /ropa 304 - - 715.003 ms
POST /auth/registro 500 148 - 344.776 ms
POST /auth/registro 500 148 - 283.326 ms
POST /auth/registro 500 148 - 303.014 ms
POST /auth/login 200 423 - 301.873 ms
POST /auth/login 200 423 - 410.137 ms
GET /usuarios 304 - - 860.990 ms
GET /ropa 304 - - 1016.640 ms
GET /ropa 304 - - 705.013 ms
GET /ropa 304 - - 718.997 ms
POST /auth/registro 500 148 - 273.952 ms
POST /auth/registro 200 198 - 313.741 ms
POST /auth/registro 500 161 - 320.852 ms
POST /auth/login 400 87 - 262.845 ms
POST /auth/login 400 87 - 390.069 ms
GET /usuarios 200 1285 - 1263.251 ms
GET /ropa 304 - - 1497.749 ms
GET /ropa 304 - - 763.645 ms
GET /ropa 304 - - 711.485 ms
POST /auth/login 400 87 - 269.729 ms
POST /auth/login 400 87 - 366.254 ms
POST /ropa 200 378 - 398.055 ms
GET /usuarios 304 - - 746.728 ms
GET /ropa 200 18000 - 909.359 ms
GET /ropa 200 18000 - 707.428 ms
GET /ropa 304 - - 704.889 ms
POST /auth/login 400 87 - 270.939 ms
POST /auth/login 400 87 - 366.786 ms
GET /ropa 200 15133 - 565.420 ms
GET /usuarios 304 - - 718.695 ms
GET /ropa 304 - - 529.603 ms
GET /ropa 304 - - 789.863 ms
POST /auth/login 400 87 - 270.453 ms
POST /auth/login 400 87 - 399.210 ms
GET /ropa 304 - - 836.007 ms
GET /usuarios 304 - - 833.510 ms
GET /ropa 304 - - 572.180 ms
GET /ropa 304 - - 625.742 ms
POST /auth/login 400 87 - 264.154 ms
POST /auth/login 400 87 - 367.470 ms
POST /ropa 200 343 - 426.672 ms
GET /ropa 200 15426 - 650.169 ms
GET /usuarios 304 - - 700.051 ms
GET /ropa 200 15426 - 611.386 ms
GET /ropa 304 - - 712.463 ms
POST /auth/login 400 87 - 334.662 ms
POST /auth/login 400 87 - 448.720 ms
GET /usuarios 304 - - 1306.419 ms
GET /ropa 304 - - 1727.343 ms
GET /ropa 304 - - 558.001 ms
GET /ropa 304 - - 558.516 ms
POST /auth/login 400 87 - 269.652 ms
POST /auth/login 400 87 - 367.832 ms
GET /ropa 200 13299 - 749.819 ms
GET /usuarios 304 - - 750.521 ms
GET /ropa 304 - - 661.741 ms
GET /ropa 304 - - 660.954 ms
POST /auth/login 400 87 - 280.908 ms
POST /auth/login 400 87 - 366.230 ms
POST /ropa 200 334 - 389.349 ms
GET /ropa 200 13583 - 711.678 ms
GET /usuarios 304 - - 862.598 ms
GET /ropa 200 13583 - 587.702 ms
GET /ropa 304 - - 552.010 ms
POST /auth/login 400 87 - 270.353 ms
POST /auth/login 400 87 - 361.338 ms
GET /ropa 200 13583 - 728.140 ms
GET /usuarios 304 - - 728.762 ms
GET /ropa 304 - - 539.460 ms
GET /ropa 304 - - 542.191 ms
POST /auth/login 400 87 - 263.952 ms
POST /auth/login 400 87 - 349.355 ms
GET /ropa 304 - - 713.521 ms
GET /usuarios 304 - - 714.225 ms
POST /auth/registro 200 236 - 298.549 ms
GET /ropa 404 73 - 0.973 ms
GET /usuarios 404 73 - 1.101 ms
POST /auth/login 200 445 - 268.245 ms
POST /auth/login 200 445 - 361.727 ms
GET /ropa 404 73 - 0.769 ms
GET /ropa 404 73 - 0.914 ms
POST /auth/login 200 445 - 345.493 ms
POST /auth/login 200 445 - 530.697 ms
GET /usuarios 200 1471 - 751.942 ms
GET /ropa 200 13583 - 759.199 ms
GET /ropa 304 - - 534.767 ms
GET /ropa 304 - - 539.591 ms
POST /auth/login 200 445 - 277.345 ms
POST /auth/login 200 445 - 379.199 ms
POST /ropa 200 329 - 463.367 ms
GET /usuarios 304 - - 736.814 ms
GET /ropa 200 13862 - 749.127 ms
GET /ropa 200 13862 - 541.039 ms
GET /ropa 304 - - 538.235 ms
